Determining if the pthread_create exist failed with the following output:
Change Dir: /home/jyxk/Code/OSLab/lab02_Thread/basic/cmake-build-debug/CMakeFiles/CMakeTmp

Run Build Command:"/usr/bin/make" "cmTC_39db5/fast"
/usr/bin/make -f CMakeFiles/cmTC_39db5.dir/build.make CMakeFiles/cmTC_39db5.dir/build
make[1]: 进入目录“/home/jyxk/Code/OSLab/lab02_Thread/basic/cmake-build-debug/CMakeFiles/CMakeTmp”
Building C object CMakeFiles/cmTC_39db5.dir/CheckSymbolExists.c.o
/usr/bin/cc   -std=gnu11 -o CMakeFiles/cmTC_39db5.dir/CheckSymbolExists.c.o   -c /home/jyxk/Code/OSLab/lab02_Thread/basic/cmake-build-debug/CMakeFiles/CMakeTmp/CheckSymbolExists.c
Linking C executable cmTC_39db5
/home/jyxk/Software/clion-2018.2.5/bin/cmake/linux/bin/cmake -E cmake_link_script CMakeFiles/cmTC_39db5.dir/link.txt --verbose=1
/usr/bin/cc      CMakeFiles/cmTC_39db5.dir/CheckSymbolExists.c.o  -o cmTC_39db5 
/usr/bin/ld: CMakeFiles/cmTC_39db5.dir/CheckSymbolExists.c.o: in function `main':
CheckSymbolExists.c:(.text+0x1b): undefined reference to `pthread_create'
collect2: 错误：ld 返回 1
make[1]: *** [CMakeFiles/cmTC_39db5.dir/build.make:87：cmTC_39db5] 错误 1
make[1]: 离开目录“/home/jyxk/Code/OSLab/lab02_Thread/basic/cmake-build-debug/CMakeFiles/CMakeTmp”
make: *** [Makefile:121：cmTC_39db5/fast] 错误 2

File /home/jyxk/Code/OSLab/lab02_Thread/basic/cmake-build-debug/CMakeFiles/CMakeTmp/CheckSymbolExists.c:
/* */
#include <pthread.h>

int main(int argc, char** argv)
{
  (void)argv;
#ifndef pthread_create
  return ((int*)(&pthread_create))[argc];
#else
  (void)argc;
  return 0;
#endif
}

Determining if the function pthread_create exists in the pthreads failed with the following output:
Change Dir: /home/jyxk/Code/OSLab/lab02_Thread/basic/cmake-build-debug/CMakeFiles/CMakeTmp

Run Build Command:"/usr/bin/make" "cmTC_5c772/fast"
/usr/bin/make -f CMakeFiles/cmTC_5c772.dir/build.make CMakeFiles/cmTC_5c772.dir/build
make[1]: 进入目录“/home/jyxk/Code/OSLab/lab02_Thread/basic/cmake-build-debug/CMakeFiles/CMakeTmp”
Building C object CMakeFiles/cmTC_5c772.dir/CheckFunctionExists.c.o
/usr/bin/cc   -DCHECK_FUNCTION_EXISTS=pthread_create   -std=gnu11 -o CMakeFiles/cmTC_5c772.dir/CheckFunctionExists.c.o   -c /home/jyxk/Software/clion-2018.2.5/bin/cmake/linux/share/cmake-3.13/Modules/CheckFunctionExists.c
Linking C executable cmTC_5c772
/home/jyxk/Software/clion-2018.2.5/bin/cmake/linux/bin/cmake -E cmake_link_script CMakeFiles/cmTC_5c772.dir/link.txt --verbose=1
/usr/bin/cc  -DCHECK_FUNCTION_EXISTS=pthread_create    CMakeFiles/cmTC_5c772.dir/CheckFunctionExists.c.o  -o cmTC_5c772 -lpthreads 
/usr/bin/ld: 找不到 -lpthreads
collect2: 错误：ld 返回 1
make[1]: *** [CMakeFiles/cmTC_5c772.dir/build.make:87：cmTC_5c772] 错误 1
make[1]: 离开目录“/home/jyxk/Code/OSLab/lab02_Thread/basic/cmake-build-debug/CMakeFiles/CMakeTmp”
make: *** [Makefile:121：cmTC_5c772/fast] 错误 2


