
build/telosb/main.exe:     file format elf32-msp430


Disassembly of section .text:

00004000 <__watchdog_support>:
    4000:	55 42 20 01 	mov.b	&0x0120,r5	
    4004:	35 d0 08 5a 	bis	#23048,	r5	;#0x5a08
    4008:	82 45 5e 16 	mov	r5,	&0x165e	

0000400c <__init_stack>:
    400c:	31 40 00 39 	mov	#14592,	r1	;#0x3900

00004010 <__do_copy_data>:
    4010:	3f 40 1e 00 	mov	#30,	r15	;#0x001e
    4014:	0f 93       	tst	r15		
    4016:	08 24       	jz	$+18     	;abs 0x4028
    4018:	92 42 5e 16 20 01 	mov	&0x165e,&0x0120	
    401e:	2f 83       	decd	r15		
    4020:	9f 4f c0 58 00 11 	mov	22720(r15),4352(r15);0x58c0(r15), 0x1100(r15)
    4026:	f8 23       	jnz	$-14     	;abs 0x4018

00004028 <__do_clear_bss>:
    4028:	3f 40 40 05 	mov	#1344,	r15	;#0x0540
    402c:	0f 93       	tst	r15		
    402e:	07 24       	jz	$+16     	;abs 0x403e
    4030:	92 42 5e 16 20 01 	mov	&0x165e,&0x0120	
    4036:	1f 83       	dec	r15		
    4038:	cf 43 1e 11 	mov.b	#0,	4382(r15);r3 As==00, 0x111e(r15)
    403c:	f9 23       	jnz	$-12     	;abs 0x4030

0000403e <main>:
    403e:	21 83       	decd	r1		
    4040:	b0 12 66 45 	call	#0x4566	
    4044:	47 4f       	mov.b	r15,	r7	
    4046:	3d 40 0c 00 	mov	#12,	r13	;#0x000c
    404a:	3e 40 ff 00 	mov	#255,	r14	;#0x00ff
    404e:	3f 40 4a 11 	mov	#4426,	r15	;#0x114a
    4052:	b0 12 d2 57 	call	#0x57d2	
    4056:	f2 43 20 16 	mov.b	#-1,	&0x1620	;r3 As==11
    405a:	f2 43 5b 16 	mov.b	#-1,	&0x165b	;r3 As==11
    405e:	b2 40 80 5a 20 01 	mov	#23168,	&0x0120	;#0x5a80
    4064:	a2 42 60 01 	mov	#4,	&0x0160	;r2 As==10
    4068:	82 43 2e 01 	mov	#0,	&0x012e	;r3 As==00
    406c:	a2 42 80 01 	mov	#4,	&0x0180	;r2 As==10
    4070:	82 43 1e 01 	mov	#0,	&0x011e	;r3 As==00
    4074:	b2 40 20 02 60 01 	mov	#544,	&0x0160	;#0x0220
    407a:	b2 40 20 01 80 01 	mov	#288,	&0x0180	;#0x0120
    4080:	f2 40 84 ff 57 00 	mov.b	#-124,	&0x0057	;#0xff84
    4086:	c2 43 58 00 	mov.b	#0,	&0x0058	;r3 As==00
    408a:	b2 40 00 40 82 01 	mov	#16384,	&0x0182	;#0x4000
    4090:	3b 40 0c 00 	mov	#12,	r11	;#0x000c
    4094:	3d 40 00 08 	mov	#2048,	r13	;#0x0800
    4098:	0e 43       	clr	r14		
    409a:	0c 4e       	mov	r14,	r12	
    409c:	0c dd       	bis	r13,	r12	
    409e:	59 42 57 00 	mov.b	&0x0057,r9	
    40a2:	0a 4c       	mov	r12,	r10	
    40a4:	8a 10       	swpb	r10		
    40a6:	7a f0 07 00 	and.b	#7,	r10	;#0x0007
    40aa:	79 f0 f8 ff 	and.b	#-8,	r9	;#0xfff8
    40ae:	4a d9       	bis.b	r9,	r10	
    40b0:	c2 4a 57 00 	mov.b	r10,	&0x0057	
    40b4:	c2 4c 56 00 	mov.b	r12,	&0x0056	
    40b8:	79 40 03 00 	mov.b	#3,	r9	;#0x0003
    40bc:	0a 43       	clr	r10		
    40be:	08 43       	clr	r8		
    40c0:	0f 3c       	jmp	$+32     	;abs 0x40e0
    40c2:	18 42 90 01 	mov	&0x0190,r8	
    40c6:	38 52       	add	#8,	r8	;r2 As==11
    40c8:	82 48 92 01 	mov	r8,	&0x0192	
    40cc:	b2 f0 fe ff 82 01 	and	#-2,	&0x0182	;#0xfffe
    40d2:	92 b3 82 01 	bit	#1,	&0x0182	;r3 As==01
    40d6:	fd 27       	jz	$-4      	;abs 0x40d2
    40d8:	1f 42 70 01 	mov	&0x0170,r15	
    40dc:	08 4a       	mov	r10,	r8	
    40de:	0a 4f       	mov	r15,	r10	
    40e0:	79 53       	add.b	#-1,	r9	;r3 As==11
    40e2:	ef 23       	jnz	$-32     	;abs 0x40c2
    40e4:	0a 88       	sub	r8,	r10	
    40e6:	3a 90 01 04 	cmp	#1025,	r10	;#0x0401
    40ea:	01 2c       	jc	$+4      	;abs 0x40ee
    40ec:	0e 4c       	mov	r12,	r14	
    40ee:	0d 11       	rra	r13		
    40f0:	3b 53       	add	#-1,	r11	;r3 As==11
    40f2:	d3 23       	jnz	$-88     	;abs 0x409a
    40f4:	0f 4e       	mov	r14,	r15	
    40f6:	3f f0 e0 00 	and	#224,	r15	;#0x00e0
    40fa:	3f 90 e0 00 	cmp	#224,	r15	;#0x00e0
    40fe:	02 20       	jnz	$+6      	;abs 0x4104
    4100:	3e f0 e0 ff 	and	#-32,	r14	;#0xffe0
    4104:	5c 42 57 00 	mov.b	&0x0057,r12	
    4108:	0d 4e       	mov	r14,	r13	
    410a:	8d 10       	swpb	r13		
    410c:	7d f0 07 00 	and.b	#7,	r13	;#0x0007
    4110:	7c f0 f8 ff 	and.b	#-8,	r12	;#0xfff8
    4114:	4d dc       	bis.b	r12,	r13	
    4116:	c2 4d 57 00 	mov.b	r13,	&0x0057	
    411a:	c2 4e 56 00 	mov.b	r14,	&0x0056	
    411e:	5e 42 57 00 	mov.b	&0x0057,r14	
    4122:	7e f0 07 00 	and.b	#7,	r14	;#0x0007
    4126:	7e d0 80 ff 	bis.b	#-128,	r14	;#0xff80
    412a:	c2 4e 57 00 	mov.b	r14,	&0x0057	
    412e:	e2 42 58 00 	mov.b	#4,	&0x0058	;r2 As==10
    4132:	f2 f0 fd ff 00 00 	and.b	#-3,	&0x0000	;#0xfffd
    4138:	82 43 70 01 	mov	#0,	&0x0170	;r3 As==00
    413c:	b2 40 02 02 60 01 	mov	#514,	&0x0160	;#0x0202
    4142:	82 43 90 01 	mov	#0,	&0x0190	;r3 As==00
    4146:	b2 40 02 01 80 01 	mov	#258,	&0x0180	;#0x0102
    414c:	1e 42 60 01 	mov	&0x0160,r14	
    4150:	3e f0 cf ff 	and	#-49,	r14	;#0xffcf
    4154:	3e d0 20 00 	bis	#32,	r14	;#0x0020
    4158:	82 4e 60 01 	mov	r14,	&0x0160	
    415c:	1e 42 80 01 	mov	&0x0180,r14	
    4160:	3e f0 cf ff 	and	#-49,	r14	;#0xffcf
    4164:	3e d0 20 00 	bis	#32,	r14	;#0x0020
    4168:	82 4e 80 01 	mov	r14,	&0x0180	
    416c:	c2 43 26 00 	mov.b	#0,	&0x0026	;r3 As==00
    4170:	c2 43 2e 00 	mov.b	#0,	&0x002e	;r3 As==00
    4174:	c2 43 1b 00 	mov.b	#0,	&0x001b	;r3 As==00
    4178:	c2 43 1f 00 	mov.b	#0,	&0x001f	;r3 As==00
    417c:	c2 43 33 00 	mov.b	#0,	&0x0033	;r3 As==00
    4180:	c2 43 37 00 	mov.b	#0,	&0x0037	;r3 As==00
    4184:	c2 43 21 00 	mov.b	#0,	&0x0021	;r3 As==00
    4188:	f2 40 e0 ff 22 00 	mov.b	#-32,	&0x0022	;#0xffe0
    418e:	f2 40 30 00 29 00 	mov.b	#48,	&0x0029	;#0x0030
    4194:	f2 40 7b 00 2a 00 	mov.b	#123,	&0x002a	;#0x007b
    419a:	c2 43 19 00 	mov.b	#0,	&0x0019	;r3 As==00
    419e:	f2 40 f1 ff 1a 00 	mov.b	#-15,	&0x001a	;#0xfff1
    41a4:	f2 40 dd ff 1d 00 	mov.b	#-35,	&0x001d	;#0xffdd
    41aa:	f2 40 fd ff 1e 00 	mov.b	#-3,	&0x001e	;#0xfffd
    41b0:	f2 43 31 00 	mov.b	#-1,	&0x0031	;r3 As==11
    41b4:	f2 43 32 00 	mov.b	#-1,	&0x0032	;r3 As==11
    41b8:	c2 43 35 00 	mov.b	#0,	&0x0035	;r3 As==00
    41bc:	f2 43 36 00 	mov.b	#-1,	&0x0036	;r3 As==11
    41c0:	c2 43 25 00 	mov.b	#0,	&0x0025	;r3 As==00
    41c4:	c2 43 2d 00 	mov.b	#0,	&0x002d	;r3 As==00
    41c8:	1f 42 70 01 	mov	&0x0170,r15	
    41cc:	1e 42 70 01 	mov	&0x0170,r14	
    41d0:	0e 8f       	sub	r15,	r14	
    41d2:	3e 90 01 28 	cmp	#10241,	r14	;#0x2801
    41d6:	fa 2b       	jnc	$-10     	;abs 0x41cc
    41d8:	e2 d3 1a 00 	bis.b	#2,	&0x001a	;r3 As==10
    41dc:	f2 d2 1a 00 	bis.b	#8,	&0x001a	;r2 As==11
    41e0:	f2 d0 80 ff 1e 00 	bis.b	#-128,	&0x001e	;#0xff80
    41e6:	f2 d0 10 00 1e 00 	bis.b	#16,	&0x001e	;#0x0010
    41ec:	f2 d0 80 ff 1d 00 	bis.b	#-128,	&0x001d	;#0xff80
    41f2:	f2 d0 10 00 1d 00 	bis.b	#16,	&0x001d	;#0x0010
    41f8:	03 43       	nop			
    41fa:	03 43       	nop			
    41fc:	f2 f0 ef ff 1d 00 	and.b	#-17,	&0x001d	;#0xffef
    4202:	f2 f0 f7 ff 19 00 	and.b	#-9,	&0x0019	;#0xfff7
    4208:	5f 43       	mov.b	#1,	r15	;r3 As==01
    420a:	b0 12 6e 44 	call	#0x446e	
    420e:	4f 43       	clr.b	r15		
    4210:	b0 12 6e 44 	call	#0x446e	
    4214:	5f 43       	mov.b	#1,	r15	;r3 As==01
    4216:	b0 12 6e 44 	call	#0x446e	
    421a:	5f 43       	mov.b	#1,	r15	;r3 As==01
    421c:	b0 12 6e 44 	call	#0x446e	
    4220:	5f 43       	mov.b	#1,	r15	;r3 As==01
    4222:	b0 12 6e 44 	call	#0x446e	
    4226:	4f 43       	clr.b	r15		
    4228:	b0 12 6e 44 	call	#0x446e	
    422c:	4f 43       	clr.b	r15		
    422e:	b0 12 6e 44 	call	#0x446e	
    4232:	5f 43       	mov.b	#1,	r15	;r3 As==01
    4234:	b0 12 6e 44 	call	#0x446e	
    4238:	f2 d0 10 00 1d 00 	bis.b	#16,	&0x001d	;#0x0010
    423e:	f2 d2 19 00 	bis.b	#8,	&0x0019	;r2 As==11
    4242:	e2 d3 19 00 	bis.b	#2,	&0x0019	;r3 As==10
    4246:	f2 d0 10 00 32 00 	bis.b	#16,	&0x0032	;#0x0010
    424c:	f2 d0 20 00 32 00 	bis.b	#32,	&0x0032	;#0x0020
    4252:	f2 d0 40 00 32 00 	bis.b	#64,	&0x0032	;#0x0040
    4258:	f2 d0 10 00 31 00 	bis.b	#16,	&0x0031	;#0x0010
    425e:	f2 d0 20 00 31 00 	bis.b	#32,	&0x0031	;#0x0020
    4264:	f2 d0 40 00 31 00 	bis.b	#64,	&0x0031	;#0x0040
    426a:	b0 12 80 56 	call	#0x5680	
    426e:	4f 93       	tst.b	r15		
    4270:	fc 23       	jnz	$-6      	;abs 0x426a
    4272:	f2 43 58 11 	mov.b	#-1,	&0x1158	;r3 As==11
    4276:	c2 43 6c 11 	mov.b	#0,	&0x116c	;r3 As==00
    427a:	c2 43 6e 11 	mov.b	#0,	&0x116e	;r3 As==00
    427e:	f2 40 0a 00 0c 16 	mov.b	#10,	&0x160c	;#0x000a
    4284:	c2 43 60 11 	mov.b	#0,	&0x1160	;r3 As==00
    4288:	c2 43 66 11 	mov.b	#0,	&0x1166	;r3 As==00
    428c:	c2 43 21 16 	mov.b	#0,	&0x1621	;r3 As==00
    4290:	82 43 5c 16 	mov	#0,	&0x165c	;r3 As==00
    4294:	c2 43 5a 16 	mov.b	#0,	&0x165a	;r3 As==00
    4298:	c2 43 80 15 	mov.b	#0,	&0x1580	;r3 As==00
    429c:	b0 12 50 44 	call	#0x4450	
    42a0:	c2 43 71 15 	mov.b	#0,	&0x1571	;r3 As==00
    42a4:	c2 43 70 15 	mov.b	#0,	&0x1570	;r3 As==00
    42a8:	c2 43 1e 11 	mov.b	#0,	&0x111e	;r3 As==00
    42ac:	b2 f0 ef ff 82 01 	and	#-17,	&0x0182	;#0xffef
    42b2:	b2 40 00 40 82 01 	mov	#16384,	&0x0182	;#0x4000
    42b8:	b0 12 80 56 	call	#0x5680	
    42bc:	4f 93       	tst.b	r15		
    42be:	fc 23       	jnz	$-6      	;abs 0x42b8
    42c0:	4f 47       	mov.b	r7,	r15	
    42c2:	b0 12 78 45 	call	#0x4578	
    42c6:	32 d2       	eint			
    42c8:	b0 12 66 45 	call	#0x4566	
    42cc:	4e 4f       	mov.b	r15,	r14	
    42ce:	f2 90 0a 00 0c 16 	cmp.b	#10,	&0x160c	;#0x000a
    42d4:	06 24       	jz	$+14     	;abs 0x42e2
    42d6:	e2 92 5c 11 	cmp.b	#4,	&0x115c	;r2 As==10
    42da:	03 24       	jz	$+8      	;abs 0x42e2
    42dc:	b0 12 78 45 	call	#0x4578	
    42e0:	07 3c       	jmp	$+16     	;abs 0x42f0
    42e2:	4f 4e       	mov.b	r14,	r15	
    42e4:	b0 12 78 45 	call	#0x4578	
    42e8:	7f 40 05 00 	mov.b	#5,	r15	;#0x0005
    42ec:	b0 12 80 45 	call	#0x4580	
    42f0:	3d 40 fa 00 	mov	#250,	r13	;#0x00fa
    42f4:	0e 43       	clr	r14		
    42f6:	4f 43       	clr.b	r15		
    42f8:	b0 12 a6 4e 	call	#0x4ea6	
    42fc:	3d 40 f4 01 	mov	#500,	r13	;#0x01f4
    4300:	0e 43       	clr	r14		
    4302:	5f 43       	mov.b	#1,	r15	;r3 As==01
    4304:	b0 12 a6 4e 	call	#0x4ea6	
    4308:	3d 40 e8 03 	mov	#1000,	r13	;#0x03e8
    430c:	0e 43       	clr	r14		
    430e:	6f 43       	mov.b	#2,	r15	;r3 As==10
    4310:	b0 12 a6 4e 	call	#0x4ea6	
    4314:	b0 12 66 45 	call	#0x4566	
    4318:	4a 4f       	mov.b	r15,	r10	
    431a:	86 3c       	jmp	$+270    	;abs 0x4428
    431c:	c2 93 14 11 	tst.b	&0x1114	
    4320:	77 24       	jz	$+240    	;abs 0x4410
    4322:	b2 b0 10 00 62 01 	bit	#16,	&0x0162	;#0x0010
    4328:	08 20       	jnz	$+18     	;abs 0x433a
    432a:	b2 b0 10 00 64 01 	bit	#16,	&0x0164	;#0x0010
    4330:	04 20       	jnz	$+10     	;abs 0x433a
    4332:	b2 b0 10 00 66 01 	bit	#16,	&0x0166	;#0x0010
    4338:	07 24       	jz	$+16     	;abs 0x4348
    433a:	1e 42 60 01 	mov	&0x0160,r14	
    433e:	3e f0 00 03 	and	#768,	r14	;#0x0300
    4342:	3e 90 00 02 	cmp	#512,	r14	;#0x0200
    4346:	2e 24       	jz	$+94     	;abs 0x43a4
    4348:	5f 42 04 00 	mov.b	&0x0004,r15	
    434c:	3f b0 c0 00 	bit	#192,	r15	;#0x00c0
    4350:	05 24       	jz	$+12     	;abs 0x435c
    4352:	5f 42 71 00 	mov.b	&0x0071,r15	
    4356:	3f f0 20 00 	and	#32,	r15	;#0x0020
    435a:	26 20       	jnz	$+78     	;abs 0x43a8
    435c:	5f 42 05 00 	mov.b	&0x0005,r15	
    4360:	3f b0 30 00 	bit	#48,	r15	;#0x0030
    4364:	05 24       	jz	$+12     	;abs 0x4370
    4366:	5f 42 79 00 	mov.b	&0x0079,r15	
    436a:	3f f0 20 00 	and	#32,	r15	;#0x0020
    436e:	1e 20       	jnz	$+62     	;abs 0x43ac
    4370:	5f 42 70 00 	mov.b	&0x0070,r15	
    4374:	1f f3       	and	#1,	r15	;r3 As==01
    4376:	1c 24       	jz	$+58     	;abs 0x43b0
    4378:	5f 42 71 00 	mov.b	&0x0071,r15	
    437c:	3f f0 20 00 	and	#32,	r15	;#0x0020
    4380:	1a 24       	jz	$+54     	;abs 0x43b6
    4382:	5f 42 72 00 	mov.b	&0x0072,r15	
    4386:	3f f0 20 00 	and	#32,	r15	;#0x0020
    438a:	18 24       	jz	$+50     	;abs 0x43bc
    438c:	5f 42 70 00 	mov.b	&0x0070,r15	
    4390:	2f f2       	and	#4,	r15	;r2 As==10
    4392:	17 24       	jz	$+48     	;abs 0x43c2
    4394:	5f 42 70 00 	mov.b	&0x0070,r15	
    4398:	3f f0 20 00 	and	#32,	r15	;#0x0020
    439c:	15 20       	jnz	$+44     	;abs 0x43c8
    439e:	7e 40 05 00 	mov.b	#5,	r14	;#0x0005
    43a2:	13 3c       	jmp	$+40     	;abs 0x43ca
    43a4:	6e 43       	mov.b	#2,	r14	;r3 As==10
    43a6:	11 3c       	jmp	$+36     	;abs 0x43ca
    43a8:	6e 43       	mov.b	#2,	r14	;r3 As==10
    43aa:	0f 3c       	jmp	$+32     	;abs 0x43ca
    43ac:	6e 43       	mov.b	#2,	r14	;r3 As==10
    43ae:	0d 3c       	jmp	$+28     	;abs 0x43ca
    43b0:	7e 40 05 00 	mov.b	#5,	r14	;#0x0005
    43b4:	0a 3c       	jmp	$+22     	;abs 0x43ca
    43b6:	7e 40 05 00 	mov.b	#5,	r14	;#0x0005
    43ba:	07 3c       	jmp	$+16     	;abs 0x43ca
    43bc:	7e 40 05 00 	mov.b	#5,	r14	;#0x0005
    43c0:	04 3c       	jmp	$+10     	;abs 0x43ca
    43c2:	7e 40 05 00 	mov.b	#5,	r14	;#0x0005
    43c6:	01 3c       	jmp	$+4      	;abs 0x43ca
    43c8:	6e 43       	mov.b	#2,	r14	;r3 As==10
    43ca:	b2 b0 10 00 a0 01 	bit	#16,	&0x01a0	;#0x0010
    43d0:	19 24       	jz	$+52     	;abs 0x4404
    43d2:	b2 b0 10 00 a2 01 	bit	#16,	&0x01a2	;#0x0010
    43d8:	05 24       	jz	$+12     	;abs 0x43e4
    43da:	b2 b2 a2 01 	bit	#8,	&0x01a2	;r2 As==11
    43de:	0f 24       	jz	$+32     	;abs 0x43fe
    43e0:	6e 43       	mov.b	#2,	r14	;r3 As==10
    43e2:	10 3c       	jmp	$+34     	;abs 0x4404
    43e4:	1f 42 a2 01 	mov	&0x01a2,r15	
    43e8:	3f b0 00 04 	bit	#1024,	r15	;#0x0400
    43ec:	0b 24       	jz	$+24     	;abs 0x4404
    43ee:	1d 42 60 01 	mov	&0x0160,r13	
    43f2:	3d f0 00 03 	and	#768,	r13	;#0x0300
    43f6:	3d 90 00 02 	cmp	#512,	r13	;#0x0200
    43fa:	04 20       	jnz	$+10     	;abs 0x4404
    43fc:	02 3c       	jmp	$+6      	;abs 0x4402
    43fe:	4e 43       	clr.b	r14		
    4400:	01 3c       	jmp	$+4      	;abs 0x4404
    4402:	6e 43       	mov.b	#2,	r14	;r3 As==10
    4404:	7e 90 05 00 	cmp.b	#5,	r14	;#0x0005
    4408:	01 28       	jnc	$+4      	;abs 0x440c
    440a:	6e 42       	mov.b	#4,	r14	;r2 As==10
    440c:	c2 4e 46 11 	mov.b	r14,	&0x1146	
    4410:	5e 42 46 11 	mov.b	&0x1146,r14	
    4414:	0e 5e       	rla	r14		
    4416:	1e 4e b4 58 	mov	22708(r14),r14	;0x58b4(r14)
    441a:	3e d2       	bis	#8,	r14	;r2 As==11
    441c:	81 4e 00 00 	mov	r14,	0(r1)	;0x0000(r1)
    4420:	22 d1       	bis	@r1,	r2	
    4422:	32 c2       	dint			
    4424:	03 43       	nop			
    4426:	03 43       	nop			
    4428:	f2 93 20 16 	cmp.b	#-1,	&0x1620	;r3 As==11
    442c:	77 27       	jz	$-272    	;abs 0x431c
    442e:	b0 12 0c 45 	call	#0x450c	
    4432:	4b 4f       	mov.b	r15,	r11	
    4434:	7f 93       	cmp.b	#-1,	r15	;r3 As==11
    4436:	72 27       	jz	$-282    	;abs 0x431c
    4438:	4f 4a       	mov.b	r10,	r15	
    443a:	b0 12 78 45 	call	#0x4578	
    443e:	4f 4b       	mov.b	r11,	r15	
    4440:	b0 12 8c 51 	call	#0x518c	
    4444:	67 3f       	jmp	$-304    	;abs 0x4314

00004446 <__stop_progExec__>:
    4446:	32 d0 f0 00 	bis	#240,	r2	;#0x00f0
    444a:	fd 3f       	jmp	$-4      	;abs 0x4446

0000444c <__ctors_end>:
    444c:	30 40 68 58 	br	#0x5868	

00004450 <SerialP__rxInit>:
    4450:	c2 43 15 16 	mov.b	#0,	&0x1615	;r3 As==00
    4454:	c2 43 14 16 	mov.b	#0,	&0x1614	;r3 As==00
    4458:	e2 42 5c 11 	mov.b	#4,	&0x115c	;r2 As==10
    445c:	c2 43 0e 16 	mov.b	#0,	&0x160e	;r3 As==00
    4460:	c2 43 1a 16 	mov.b	#0,	&0x161a	;r3 As==00
    4464:	c2 43 5d 11 	mov.b	#0,	&0x115d	;r3 As==00
    4468:	82 43 7e 15 	mov	#0,	&0x157e	;r3 As==00
    446c:	30 41       	ret			

0000446e <MotePlatformC__TOSH_FLASH_M25P_DP_bit>:
    446e:	4f 93       	tst.b	r15		
    4470:	04 24       	jz	$+10     	;abs 0x447a
    4472:	5f 42 19 00 	mov.b	&0x0019,r15	
    4476:	6f d3       	bis.b	#2,	r15	;r3 As==10
    4478:	04 3c       	jmp	$+10     	;abs 0x4482
    447a:	5f 42 19 00 	mov.b	&0x0019,r15	
    447e:	7f f0 fd ff 	and.b	#-3,	r15	;#0xfffd
    4482:	c2 4f 19 00 	mov.b	r15,	&0x0019	
    4486:	f2 d2 19 00 	bis.b	#8,	&0x0019	;r2 As==11
    448a:	f2 f0 f7 ff 19 00 	and.b	#-9,	&0x0019	;#0xfff7
    4490:	30 41       	ret			

00004492 <HplMsp430Usart1P__Usart__disableSpi>:
    4492:	f2 f0 ef ff 05 00 	and.b	#-17,	&0x0005	;#0xffef
    4498:	3f 40 33 00 	mov	#51,	r15	;#0x0033
    449c:	ff f0 fd ff 00 00 	and.b	#-3,	0(r15)	;#0xfffd, 0x0000(r15)
    44a2:	ff f0 fb ff 00 00 	and.b	#-5,	0(r15)	;#0xfffb, 0x0000(r15)
    44a8:	ff f0 f7 ff 00 00 	and.b	#-9,	0(r15)	;#0xfff7, 0x0000(r15)
    44ae:	30 41       	ret			

000044b0 <HplMsp430Usart1P__Usart__disableUart>:
    44b0:	f2 f0 cf ff 05 00 	and.b	#-49,	&0x0005	;#0xffcf
    44b6:	3f 40 1b 00 	mov	#27,	r15	;#0x001b
    44ba:	ff f0 bf ff 00 00 	and.b	#-65,	0(r15)	;#0xffbf, 0x0000(r15)
    44c0:	ff f0 7f 00 00 00 	and.b	#127,	0(r15)	;#0x007f, 0x0000(r15)
    44c6:	30 41       	ret			

000044c8 <crcByte>:
    44c8:	0d 4f       	mov	r15,	r13	
    44ca:	8d 10       	swpb	r13		
    44cc:	4d 4d       	mov.b	r13,	r13	
    44ce:	4f 4f       	mov.b	r15,	r15	
    44d0:	8f 10       	swpb	r15		
    44d2:	0d df       	bis	r15,	r13	
    44d4:	4e 4e       	mov.b	r14,	r14	
    44d6:	0d ee       	xor	r14,	r13	
    44d8:	4f 4d       	mov.b	r13,	r15	
    44da:	12 c3       	clrc			
    44dc:	4f 10       	rrc.b	r15		
    44de:	12 c3       	clrc			
    44e0:	4f 10       	rrc.b	r15		
    44e2:	12 c3       	clrc			
    44e4:	4f 10       	rrc.b	r15		
    44e6:	12 c3       	clrc			
    44e8:	4f 10       	rrc.b	r15		
    44ea:	4e 4f       	mov.b	r15,	r14	
    44ec:	0e ed       	xor	r13,	r14	
    44ee:	4f 4e       	mov.b	r14,	r15	
    44f0:	8f 10       	swpb	r15		
    44f2:	0f 5f       	rla	r15		
    44f4:	0f 5f       	rla	r15		
    44f6:	0f 5f       	rla	r15		
    44f8:	0f 5f       	rla	r15		
    44fa:	0f ee       	xor	r14,	r15	
    44fc:	4e 4f       	mov.b	r15,	r14	
    44fe:	0e 5e       	rla	r14		
    4500:	0e 5e       	rla	r14		
    4502:	0e 5e       	rla	r14		
    4504:	0e 5e       	rla	r14		
    4506:	0e 5e       	rla	r14		
    4508:	0f ee       	xor	r14,	r15	
    450a:	30 41       	ret			

0000450c <SchedulerBasicP__popTask.part.52>:
    450c:	5f 42 20 16 	mov.b	&0x1620,r15	
    4510:	4e 4f       	mov.b	r15,	r14	
    4512:	3e 50 4a 11 	add	#4426,	r14	;#0x114a
    4516:	6d 4e       	mov.b	@r14,	r13	
    4518:	c2 4d 20 16 	mov.b	r13,	&0x1620	
    451c:	7d 93       	cmp.b	#-1,	r13	;r3 As==11
    451e:	02 20       	jnz	$+6      	;abs 0x4524
    4520:	f2 43 5b 16 	mov.b	#-1,	&0x165b	;r3 As==11
    4524:	fe 43 00 00 	mov.b	#-1,	0(r14)	;r3 As==11, 0x0000(r14)
    4528:	30 41       	ret			

0000452a <Msp430TimerP__0__Event__fired>:
    452a:	5f 93       	cmp.b	#1,	r15	;r3 As==01
    452c:	0c 24       	jz	$+26     	;abs 0x4546
    452e:	03 28       	jnc	$+8      	;abs 0x4536
    4530:	6f 93       	cmp.b	#2,	r15	;r3 As==10
    4532:	18 20       	jnz	$+50     	;abs 0x4564
    4534:	10 3c       	jmp	$+34     	;abs 0x4556
    4536:	1f 42 62 01 	mov	&0x0162,r15	
    453a:	8f 10       	swpb	r15		
    453c:	5f f3       	and.b	#1,	r15	;r3 As==01
    453e:	12 24       	jz	$+38     	;abs 0x4564
    4540:	1f 42 72 01 	mov	&0x0172,r15	
    4544:	30 41       	ret			
    4546:	1f 42 64 01 	mov	&0x0164,r15	
    454a:	8f 10       	swpb	r15		
    454c:	5f f3       	and.b	#1,	r15	;r3 As==01
    454e:	0a 24       	jz	$+22     	;abs 0x4564
    4550:	1f 42 74 01 	mov	&0x0174,r15	
    4554:	30 41       	ret			
    4556:	1f 42 66 01 	mov	&0x0166,r15	
    455a:	8f 10       	swpb	r15		
    455c:	5f f3       	and.b	#1,	r15	;r3 As==01
    455e:	02 24       	jz	$+6      	;abs 0x4564
    4560:	1f 42 76 01 	mov	&0x0176,r15	
    4564:	30 41       	ret			

00004566 <__nesc_atomic_start>:
    4566:	0e 42       	mov	r2,	r14	
    4568:	32 c2       	dint			
    456a:	03 43       	nop			
    456c:	03 43       	nop			
    456e:	3e f2       	and	#8,	r14	;r2 As==11
    4570:	5f 43       	mov.b	#1,	r15	;r3 As==01
    4572:	01 20       	jnz	$+4      	;abs 0x4576
    4574:	4f 43       	clr.b	r15		
    4576:	30 41       	ret			

00004578 <__nesc_atomic_end>:
    4578:	4f 93       	tst.b	r15		
    457a:	01 24       	jz	$+4      	;abs 0x457e
    457c:	32 d2       	eint			
    457e:	30 41       	ret			

00004580 <SchedulerBasicP__TaskBasic__postTask>:
    4580:	0b 12       	push	r11		
    4582:	4b 4f       	mov.b	r15,	r11	
    4584:	b0 12 66 45 	call	#0x4566	
    4588:	4e 4b       	mov.b	r11,	r14	
    458a:	fe 93 4a 11 	cmp.b	#-1,	4426(r14);r3 As==11, 0x114a(r14)
    458e:	06 20       	jnz	$+14     	;abs 0x459c
    4590:	1e 43       	mov	#1,	r14	;r3 As==01
    4592:	c2 9b 5b 16 	cmp.b	r11,	&0x165b	
    4596:	03 24       	jz	$+8      	;abs 0x459e
    4598:	0e 43       	clr	r14		
    459a:	01 3c       	jmp	$+4      	;abs 0x459e
    459c:	1e 43       	mov	#1,	r14	;r3 As==01
    459e:	0e 93       	tst	r14		
    45a0:	0e 20       	jnz	$+30     	;abs 0x45be
    45a2:	f2 93 20 16 	cmp.b	#-1,	&0x1620	;r3 As==11
    45a6:	03 20       	jnz	$+8      	;abs 0x45ae
    45a8:	c2 4b 20 16 	mov.b	r11,	&0x1620	
    45ac:	04 3c       	jmp	$+10     	;abs 0x45b6
    45ae:	5e 42 5b 16 	mov.b	&0x165b,r14	
    45b2:	ce 4b 4a 11 	mov.b	r11,	4426(r14);0x114a(r14)
    45b6:	c2 4b 5b 16 	mov.b	r11,	&0x165b	
    45ba:	4b 43       	clr.b	r11		
    45bc:	02 3c       	jmp	$+6      	;abs 0x45c2
    45be:	7b 40 05 00 	mov.b	#5,	r11	;#0x0005
    45c2:	b0 12 78 45 	call	#0x4578	
    45c6:	4f 4b       	mov.b	r11,	r15	
    45c8:	3b 41       	pop	r11		
    45ca:	30 41       	ret			

000045cc <SerialP__ReceiveBytePacket__endPacket>:
    45cc:	c2 93 30 11 	tst.b	&0x1130	
    45d0:	2c 20       	jnz	$+90     	;abs 0x462a
    45d2:	4f 93       	tst.b	r15		
    45d4:	2a 20       	jnz	$+86     	;abs 0x462a
    45d6:	d2 43 30 11 	mov.b	#1,	&0x1130	;r3 As==01
    45da:	d2 42 12 11 2e 11 	mov.b	&0x1112,&0x112e	
    45e0:	d2 b3 42 11 	bit.b	#1,	&0x1142	;r3 As==01
    45e4:	0f 43       	clr	r15		
    45e6:	0f 6f       	rlc	r15		
    45e8:	c2 4f 49 11 	mov.b	r15,	&0x1149	
    45ec:	92 42 0c 11 2c 11 	mov	&0x110c,&0x112c	
    45f2:	d2 42 40 11 2a 11 	mov.b	&0x1140,&0x112a	
    45f8:	5e 42 42 11 	mov.b	&0x1142,r14	
    45fc:	5e f3       	and.b	#1,	r14	;r3 As==01
    45fe:	5f 43       	mov.b	#1,	r15	;r3 As==01
    4600:	01 24       	jz	$+4      	;abs 0x4604
    4602:	4f 43       	clr.b	r15		
    4604:	5e 42 42 11 	mov.b	&0x1142,r14	
    4608:	7e f0 fe ff 	and.b	#-2,	r14	;#0xfffe
    460c:	4e df       	bis.b	r15,	r14	
    460e:	1f f3       	and	#1,	r15	;r3 As==01
    4610:	0f 5f       	rla	r15		
    4612:	92 4f 0e 11 0c 11 	mov	4366(r15),&0x110c	;0x110e(r15)
    4618:	7e f0 e7 ff 	and.b	#-25,	r14	;#0xffe7
    461c:	c2 4e 42 11 	mov.b	r14,	&0x1142	
    4620:	7f 40 09 00 	mov.b	#9,	r15	;#0x0009
    4624:	b0 12 80 45 	call	#0x4580	
    4628:	30 41       	ret			
    462a:	d2 b3 42 11 	bit.b	#1,	&0x1142	;r3 As==01
    462e:	0f 43       	clr	r15		
    4630:	0f 6f       	rlc	r15		
    4632:	5e 42 42 11 	mov.b	&0x1142,r14	
    4636:	4f 93       	tst.b	r15		
    4638:	03 24       	jz	$+8      	;abs 0x4640
    463a:	7e f0 fb ff 	and.b	#-5,	r14	;#0xfffb
    463e:	02 3c       	jmp	$+6      	;abs 0x4644
    4640:	7e f0 fd ff 	and.b	#-3,	r14	;#0xfffd
    4644:	c2 4e 42 11 	mov.b	r14,	&0x1142	
    4648:	30 41       	ret			

0000464a <SerialP__testOff>:
    464a:	f2 90 0a 00 0c 16 	cmp.b	#10,	&0x160c	;#0x000a
    4650:	03 20       	jnz	$+8      	;abs 0x4658
    4652:	e2 92 5c 11 	cmp.b	#4,	&0x115c	;r2 As==10
    4656:	03 24       	jz	$+8      	;abs 0x465e
    4658:	d2 43 44 11 	mov.b	#1,	&0x1144	;r3 As==01
    465c:	30 41       	ret			
    465e:	7f 40 06 00 	mov.b	#6,	r15	;#0x0006
    4662:	b0 12 80 45 	call	#0x4580	
    4666:	c2 43 44 11 	mov.b	#0,	&0x1144	;r3 As==00
    466a:	30 41       	ret			

0000466c <SerialP__MaybeScheduleTx>:
    466c:	0b 12       	push	r11		
    466e:	b0 12 66 45 	call	#0x4566	
    4672:	4b 4f       	mov.b	r15,	r11	
    4674:	c2 93 5a 16 	tst.b	&0x165a	
    4678:	07 20       	jnz	$+16     	;abs 0x4688
    467a:	6f 42       	mov.b	#4,	r15	;r2 As==10
    467c:	b0 12 80 45 	call	#0x4580	
    4680:	4f 93       	tst.b	r15		
    4682:	02 20       	jnz	$+6      	;abs 0x4688
    4684:	d2 43 5a 16 	mov.b	#1,	&0x165a	;r3 As==01
    4688:	4f 4b       	mov.b	r11,	r15	
    468a:	b0 12 78 45 	call	#0x4578	
    468e:	3b 41       	pop	r11		
    4690:	30 41       	ret			

00004692 <SerialP__rx_state_machine>:
    4692:	0b 12       	push	r11		
    4694:	0a 12       	push	r10		
    4696:	4b 4f       	mov.b	r15,	r11	
    4698:	4a 4e       	mov.b	r14,	r10	
    469a:	5f 42 5c 11 	mov.b	&0x115c,r15	
    469e:	5f 93       	cmp.b	#1,	r15	;r3 As==01
    46a0:	0f 24       	jz	$+32     	;abs 0x46c0
    46a2:	06 28       	jnc	$+14     	;abs 0x46b0
    46a4:	6f 93       	cmp.b	#2,	r15	;r3 As==10
    46a6:	40 24       	jz	$+130    	;abs 0x4728
    46a8:	7f 90 03 00 	cmp.b	#3,	r15	;#0x0003
    46ac:	ef 20       	jnz	$+480    	;abs 0x488c
    46ae:	4a 3c       	jmp	$+150    	;abs 0x4744
    46b0:	4b 93       	tst.b	r11		
    46b2:	02 20       	jnz	$+6      	;abs 0x46b8
    46b4:	30 40 cc 48 	br	#0x48cc	
    46b8:	b0 12 50 44 	call	#0x4450	
    46bc:	30 40 b0 48 	br	#0x48b0	
    46c0:	4b 93       	tst.b	r11		
    46c2:	02 24       	jz	$+6      	;abs 0x46c8
    46c4:	30 40 cc 48 	br	#0x48cc	
    46c8:	c2 4e 1a 16 	mov.b	r14,	&0x161a	
    46cc:	4f 4e       	mov.b	r14,	r15	
    46ce:	7f 50 bc ff 	add.b	#-68,	r15	;#0xffbc
    46d2:	6f 93       	cmp.b	#2,	r15	;r3 As==10
    46d4:	db 2c       	jc	$+440    	;abs 0x488c
    46d6:	ef 3c       	jmp	$+480    	;abs 0x48b6
    46d8:	e2 43 5c 11 	mov.b	#2,	&0x115c	;r3 As==10
    46dc:	03 3c       	jmp	$+8      	;abs 0x46e4
    46de:	f2 40 03 00 5c 11 	mov.b	#3,	&0x115c	;#0x0003
    46e4:	5d 42 42 11 	mov.b	&0x1142,r13	
    46e8:	5d f3       	and.b	#1,	r13	;r3 As==01
    46ea:	03 24       	jz	$+8      	;abs 0x46f2
    46ec:	e2 b2 42 11 	bit.b	#4,	&0x1142	;r2 As==10
    46f0:	02 3c       	jmp	$+6      	;abs 0x46f6
    46f2:	e2 b3 42 11 	bit.b	#2,	&0x1142	;r3 As==10
    46f6:	0e 43       	clr	r14		
    46f8:	0e 6e       	rlc	r14		
    46fa:	4e 93       	tst.b	r14		
    46fc:	c7 20       	jnz	$+400    	;abs 0x488c
    46fe:	5f 42 42 11 	mov.b	&0x1142,r15	
    4702:	4d 93       	tst.b	r13		
    4704:	02 24       	jz	$+6      	;abs 0x470a
    4706:	6f d2       	bis.b	#4,	r15	;r2 As==10
    4708:	01 3c       	jmp	$+4      	;abs 0x470c
    470a:	6f d3       	bis.b	#2,	r15	;r3 As==10
    470c:	c2 4f 42 11 	mov.b	r15,	&0x1142	
    4710:	5f 42 42 11 	mov.b	&0x1142,r15	
    4714:	7f f0 e7 ff 	and.b	#-25,	r15	;#0xffe7
    4718:	7f d2       	bis.b	#8,	r15	;r2 As==11
    471a:	c2 4f 42 11 	mov.b	r15,	&0x1142	
    471e:	c2 43 40 11 	mov.b	#0,	&0x1140	;r3 As==00
    4722:	f2 43 12 11 	mov.b	#-1,	&0x1112	;r3 As==11
    4726:	d2 3c       	jmp	$+422    	;abs 0x48cc
    4728:	4b 93       	tst.b	r11		
    472a:	b0 20       	jnz	$+354    	;abs 0x488c
    472c:	c2 4e 5d 11 	mov.b	r14,	&0x115d	
    4730:	1f 42 7e 15 	mov	&0x157e,r15	
    4734:	b0 12 c8 44 	call	#0x44c8	
    4738:	82 4f 7e 15 	mov	r15,	&0x157e	
    473c:	f2 40 03 00 5c 11 	mov.b	#3,	&0x115c	;#0x0003
    4742:	c4 3c       	jmp	$+394    	;abs 0x48cc
    4744:	5f 42 0e 16 	mov.b	&0x160e,r15	
    4748:	7f 93       	cmp.b	#-1,	r15	;r3 As==11
    474a:	a0 24       	jz	$+322    	;abs 0x488c
    474c:	4b 93       	tst.b	r11		
    474e:	45 24       	jz	$+140    	;abs 0x47da
    4750:	6f 93       	cmp.b	#2,	r15	;r3 As==10
    4752:	9c 28       	jnc	$+314    	;abs 0x488c
    4754:	5f 42 14 16 	mov.b	&0x1614,r15	
    4758:	4f 93       	tst.b	r15		
    475a:	02 24       	jz	$+6      	;abs 0x4760
    475c:	7f 53       	add.b	#-1,	r15	;r3 As==11
    475e:	01 3c       	jmp	$+4      	;abs 0x4762
    4760:	6f 43       	mov.b	#2,	r15	;r3 As==10
    4762:	4e 4f       	mov.b	r15,	r14	
    4764:	5e 4e 16 16 	mov.b	5654(r14),r14	;0x1616(r14)
    4768:	8e 10       	swpb	r14		
    476a:	4f 93       	tst.b	r15		
    476c:	02 24       	jz	$+6      	;abs 0x4772
    476e:	7f 53       	add.b	#-1,	r15	;r3 As==11
    4770:	01 3c       	jmp	$+4      	;abs 0x4774
    4772:	6f 43       	mov.b	#2,	r15	;r3 As==10
    4774:	4f 4f       	mov.b	r15,	r15	
    4776:	5f 4f 16 16 	mov.b	5654(r15),r15	;0x1616(r15)
    477a:	0f de       	bis	r14,	r15	
    477c:	1f 92 7e 15 	cmp	&0x157e,r15	
    4780:	85 20       	jnz	$+268    	;abs 0x488c
    4782:	4f 43       	clr.b	r15		
    4784:	b0 12 cc 45 	call	#0x45cc	
    4788:	f2 90 44 00 1a 16 	cmp.b	#68,	&0x161a	;#0x0044
    478e:	1c 20       	jnz	$+58     	;abs 0x47c8
    4790:	5c 42 5d 11 	mov.b	&0x115d,r12	
    4794:	5e 42 70 15 	mov.b	&0x1570,r14	
    4798:	5b 42 71 15 	mov.b	&0x1571,r11	
    479c:	4f 4e       	mov.b	r14,	r15	
    479e:	5f 53       	inc.b	r15		
    47a0:	7f 90 06 00 	cmp.b	#6,	r15	;#0x0006
    47a4:	02 2c       	jc	$+6      	;abs 0x47aa
    47a6:	4d 4f       	mov.b	r15,	r13	
    47a8:	01 3c       	jmp	$+4      	;abs 0x47ac
    47aa:	4d 43       	clr.b	r13		
    47ac:	4d 9b       	cmp.b	r11,	r13	
    47ae:	0c 24       	jz	$+26     	;abs 0x47c8
    47b0:	4e 4e       	mov.b	r14,	r14	
    47b2:	ce 4c 72 15 	mov.b	r12,	5490(r14);0x1572(r14)
    47b6:	c2 4f 70 15 	mov.b	r15,	&0x1570	
    47ba:	7f 90 06 00 	cmp.b	#6,	r15	;#0x0006
    47be:	02 28       	jnc	$+6      	;abs 0x47c4
    47c0:	c2 43 70 15 	mov.b	#0,	&0x1570	;r3 As==00
    47c4:	b0 12 6c 46 	call	#0x466c	
    47c8:	b0 12 50 44 	call	#0x4450	
    47cc:	f2 f0 fd ff 28 11 	and.b	#-3,	&0x1128	;#0xfffd
    47d2:	c2 93 44 11 	tst.b	&0x1144	
    47d6:	7a 24       	jz	$+246    	;abs 0x48cc
    47d8:	64 3c       	jmp	$+202    	;abs 0x48a2
    47da:	6f 93       	cmp.b	#2,	r15	;r3 As==10
    47dc:	46 28       	jnc	$+142    	;abs 0x486a
    47de:	5f 42 15 16 	mov.b	&0x1615,r15	
    47e2:	5e 4f 16 16 	mov.b	5654(r15),r14	;0x1616(r15)
    47e6:	5f 42 42 11 	mov.b	&0x1142,r15	
    47ea:	12 c3       	clrc			
    47ec:	4f 10       	rrc.b	r15		
    47ee:	12 c3       	clrc			
    47f0:	4f 10       	rrc.b	r15		
    47f2:	12 c3       	clrc			
    47f4:	4f 10       	rrc.b	r15		
    47f6:	3f f0 03 00 	and	#3,	r15	;#0x0003
    47fa:	1f 93       	cmp	#1,	r15	;r3 As==01
    47fc:	03 24       	jz	$+8      	;abs 0x4804
    47fe:	2f 93       	cmp	#2,	r15	;r3 As==10
    4800:	20 20       	jnz	$+66     	;abs 0x4842
    4802:	13 3c       	jmp	$+40     	;abs 0x482a
    4804:	5f 42 42 11 	mov.b	&0x1142,r15	
    4808:	7f f0 e7 ff 	and.b	#-25,	r15	;#0xffe7
    480c:	7f d0 10 00 	bis.b	#16,	r15	;#0x0010
    4810:	c2 4f 42 11 	mov.b	r15,	&0x1142	
    4814:	4e 93       	tst.b	r14		
    4816:	02 24       	jz	$+6      	;abs 0x481c
    4818:	4f 43       	clr.b	r15		
    481a:	02 3c       	jmp	$+6      	;abs 0x4820
    481c:	7f 40 05 00 	mov.b	#5,	r15	;#0x0005
    4820:	c2 4f 40 11 	mov.b	r15,	&0x1140	
    4824:	c2 4e 12 11 	mov.b	r14,	&0x1112	
    4828:	0c 3c       	jmp	$+26     	;abs 0x4842
    482a:	5f 42 40 11 	mov.b	&0x1140,r15	
    482e:	7f 90 34 00 	cmp.b	#52,	r15	;#0x0034
    4832:	07 2c       	jc	$+16     	;abs 0x4842
    4834:	4f 4f       	mov.b	r15,	r15	
    4836:	1f 52 0c 11 	add	&0x110c,r15	
    483a:	cf 4e 00 00 	mov.b	r14,	0(r15)	;0x0000(r15)
    483e:	d2 53 40 11 	inc.b	&0x1140	
    4842:	5d 42 15 16 	mov.b	&0x1615,r13	
    4846:	4f 4d       	mov.b	r13,	r15	
    4848:	5e 4f 16 16 	mov.b	5654(r15),r14	;0x1616(r15)
    484c:	4f 4d       	mov.b	r13,	r15	
    484e:	5f 53       	inc.b	r15		
    4850:	c2 4f 15 16 	mov.b	r15,	&0x1615	
    4854:	7f 90 03 00 	cmp.b	#3,	r15	;#0x0003
    4858:	02 28       	jnc	$+6      	;abs 0x485e
    485a:	c2 43 15 16 	mov.b	#0,	&0x1615	;r3 As==00
    485e:	1f 42 7e 15 	mov	&0x157e,r15	
    4862:	b0 12 c8 44 	call	#0x44c8	
    4866:	82 4f 7e 15 	mov	r15,	&0x157e	
    486a:	5e 42 14 16 	mov.b	&0x1614,r14	
    486e:	4f 4e       	mov.b	r14,	r15	
    4870:	cf 4a 16 16 	mov.b	r10,	5654(r15);0x1616(r15)
    4874:	4f 4e       	mov.b	r14,	r15	
    4876:	5f 53       	inc.b	r15		
    4878:	c2 4f 14 16 	mov.b	r15,	&0x1614	
    487c:	7f 90 03 00 	cmp.b	#3,	r15	;#0x0003
    4880:	02 28       	jnc	$+6      	;abs 0x4886
    4882:	c2 43 14 16 	mov.b	#0,	&0x1614	;r3 As==00
    4886:	d2 53 0e 16 	inc.b	&0x160e	
    488a:	20 3c       	jmp	$+66     	;abs 0x48cc
    488c:	b0 12 50 44 	call	#0x4450	
    4890:	f2 f0 fd ff 28 11 	and.b	#-3,	&0x1128	;#0xfffd
    4896:	5f 43       	mov.b	#1,	r15	;r3 As==01
    4898:	b0 12 cc 45 	call	#0x45cc	
    489c:	c2 93 44 11 	tst.b	&0x1144	
    48a0:	05 24       	jz	$+12     	;abs 0x48ac
    48a2:	e2 42 5c 11 	mov.b	#4,	&0x115c	;r2 As==10
    48a6:	b0 12 4a 46 	call	#0x464a	
    48aa:	10 3c       	jmp	$+34     	;abs 0x48cc
    48ac:	4b 93       	tst.b	r11		
    48ae:	0e 24       	jz	$+30     	;abs 0x48cc
    48b0:	d2 43 5c 11 	mov.b	#1,	&0x115c	;r3 As==01
    48b4:	0b 3c       	jmp	$+24     	;abs 0x48cc
    48b6:	1f 42 7e 15 	mov	&0x157e,r15	
    48ba:	b0 12 c8 44 	call	#0x44c8	
    48be:	82 4f 7e 15 	mov	r15,	&0x157e	
    48c2:	7a 90 44 00 	cmp.b	#68,	r10	;#0x0044
    48c6:	0b 23       	jnz	$-488    	;abs 0x46de
    48c8:	30 40 d8 46 	br	#0x46d8	
    48cc:	3a 41       	pop	r10		
    48ce:	3b 41       	pop	r11		
    48d0:	30 41       	ret			

000048d2 <SerialActiveMessageP__0__AMSend__send>:
    48d2:	0b 12       	push	r11		
    48d4:	0a 12       	push	r10		
    48d6:	0b 4d       	mov	r13,	r11	
    48d8:	4a 4c       	mov.b	r12,	r10	
    48da:	7c 90 1d 00 	cmp.b	#29,	r12	;#0x001d
    48de:	44 2c       	jc	$+138    	;abs 0x4968
    48e0:	cd 4e 06 00 	mov.b	r14,	6(r13)	;0x0006(r13)
    48e4:	8e 10       	swpb	r14		
    48e6:	cd 4e 05 00 	mov.b	r14,	5(r13)	;0x0005(r13)
    48ea:	cd 4f 0b 00 	mov.b	r15,	11(r13)	;0x000b(r13)
    48ee:	cb 4c 09 00 	mov.b	r12,	9(r11)	;0x0009(r11)
    48f2:	82 93 3c 11 	tst	&0x113c	
    48f6:	3a 20       	jnz	$+118    	;abs 0x496c
    48f8:	b0 12 66 45 	call	#0x4566	
    48fc:	f2 40 05 00 38 11 	mov.b	#5,	&0x1138	;#0x0005
    4902:	c2 43 36 11 	mov.b	#0,	&0x1136	;r3 As==00
    4906:	82 4b 3e 11 	mov	r11,	&0x113e	
    490a:	a2 43 3c 11 	mov	#2,	&0x113c	;r3 As==10
    490e:	c2 43 32 11 	mov.b	#0,	&0x1132	;r3 As==00
    4912:	c2 43 34 11 	mov.b	#0,	&0x1134	;r3 As==00
    4916:	7a 50 0c 00 	add.b	#12,	r10	;#0x000c
    491a:	c2 4a 3a 11 	mov.b	r10,	&0x113a	
    491e:	b0 12 78 45 	call	#0x4578	
    4922:	b0 12 66 45 	call	#0x4566	
    4926:	f2 90 0a 00 0c 16 	cmp.b	#10,	&0x160c	;#0x000a
    492c:	03 20       	jnz	$+8      	;abs 0x4934
    492e:	b0 12 78 45 	call	#0x4578	
    4932:	16 3c       	jmp	$+46     	;abs 0x4960
    4934:	b0 12 78 45 	call	#0x4578	
    4938:	b0 12 66 45 	call	#0x4566	
    493c:	c2 93 6e 11 	tst.b	&0x116e	
    4940:	06 20       	jnz	$+14     	;abs 0x494e
    4942:	d2 43 6e 11 	mov.b	#1,	&0x116e	;r3 As==01
    4946:	c2 43 6f 11 	mov.b	#0,	&0x116f	;r3 As==00
    494a:	5b 43       	mov.b	#1,	r11	;r3 As==01
    494c:	01 3c       	jmp	$+4      	;abs 0x4950
    494e:	4b 43       	clr.b	r11		
    4950:	b0 12 78 45 	call	#0x4578	
    4954:	4b 93       	tst.b	r11		
    4956:	04 24       	jz	$+10     	;abs 0x4960
    4958:	b0 12 6c 46 	call	#0x466c	
    495c:	4f 43       	clr.b	r15		
    495e:	08 3c       	jmp	$+18     	;abs 0x4970
    4960:	82 43 3c 11 	mov	#0,	&0x113c	;r3 As==00
    4964:	5f 43       	mov.b	#1,	r15	;r3 As==01
    4966:	04 3c       	jmp	$+10     	;abs 0x4970
    4968:	6f 43       	mov.b	#2,	r15	;r3 As==10
    496a:	02 3c       	jmp	$+6      	;abs 0x4970
    496c:	7f 40 05 00 	mov.b	#5,	r15	;#0x0005
    4970:	3a 41       	pop	r10		
    4972:	3b 41       	pop	r11		
    4974:	30 41       	ret			

00004976 <AMQueueImplP__0__tryToSend>:
    4976:	c2 43 13 11 	mov.b	#0,	&0x1113	;r3 As==00
    497a:	1d 42 78 15 	mov	&0x1578,r13	
    497e:	0d 93       	tst	r13		
    4980:	04 24       	jz	$+10     	;abs 0x498a
    4982:	5f 42 23 16 	mov.b	&0x1623,r15	
    4986:	1f f3       	and	#1,	r15	;r3 As==01
    4988:	02 24       	jz	$+6      	;abs 0x498e
    498a:	d2 43 13 11 	mov.b	#1,	&0x1113	;r3 As==01
    498e:	c2 93 13 11 	tst.b	&0x1113	
    4992:	12 20       	jnz	$+38     	;abs 0x49b8
    4994:	5f 4d 05 00 	mov.b	5(r13),	r15	;0x0005(r13)
    4998:	8f 10       	swpb	r15		
    499a:	5e 4d 06 00 	mov.b	6(r13),	r14	;0x0006(r13)
    499e:	5c 4d 09 00 	mov.b	9(r13),	r12	;0x0009(r13)
    49a2:	0e df       	bis	r15,	r14	
    49a4:	5f 4d 0b 00 	mov.b	11(r13),r15	;0x000b(r13)
    49a8:	b0 12 d2 48 	call	#0x48d2	
    49ac:	4f 93       	tst.b	r15		
    49ae:	04 24       	jz	$+10     	;abs 0x49b8
    49b0:	7f 40 03 00 	mov.b	#3,	r15	;#0x0003
    49b4:	b0 12 80 45 	call	#0x4580	
    49b8:	30 41       	ret			

000049ba <PrintfP__AMSend__send.part.67.constprop.82>:
    49ba:	5f 42 2b 16 	mov.b	&0x162b,r15	
    49be:	8f 10       	swpb	r15		
    49c0:	5e 42 2c 16 	mov.b	&0x162c,r14	
    49c4:	c2 43 13 11 	mov.b	#0,	&0x1113	;r3 As==00
    49c8:	7c 40 1c 00 	mov.b	#28,	r12	;#0x001c
    49cc:	3d 40 26 16 	mov	#5670,	r13	;#0x1626
    49d0:	0e df       	bis	r15,	r14	
    49d2:	5f 42 31 16 	mov.b	&0x1631,r15	
    49d6:	b0 12 d2 48 	call	#0x48d2	
    49da:	4f 93       	tst.b	r15		
    49dc:	04 24       	jz	$+10     	;abs 0x49e6
    49de:	d2 43 13 11 	mov.b	#1,	&0x1113	;r3 As==01
    49e2:	82 43 78 15 	mov	#0,	&0x1578	;r3 As==00
    49e6:	30 41       	ret			

000049e8 <PrintfP__sendNext>:
    49e8:	0b 12       	push	r11		
    49ea:	1b 42 20 11 	mov	&0x1120,r11	
    49ee:	3b 90 1c 00 	cmp	#28,	r11	;#0x001c
    49f2:	02 28       	jnc	$+6      	;abs 0x49f8
    49f4:	3b 40 1c 00 	mov	#28,	r11	;#0x001c
    49f8:	3d 40 1c 00 	mov	#28,	r13	;#0x001c
    49fc:	0e 43       	clr	r14		
    49fe:	3f 40 32 16 	mov	#5682,	r15	;#0x1632
    4a02:	b0 12 d2 57 	call	#0x57d2	
    4a06:	1f 42 24 11 	mov	&0x1124,r15	
    4a0a:	1d 42 20 11 	mov	&0x1120,r13	
    4a0e:	0e 43       	clr	r14		
    4a10:	0b 3c       	jmp	$+24     	;abs 0x4a28
    4a12:	5c 4f 70 11 	mov.b	4464(r15),r12	;0x1170(r15)
    4a16:	0d 93       	tst	r13		
    4a18:	04 24       	jz	$+10     	;abs 0x4a22
    4a1a:	1f 53       	inc	r15		
    4a1c:	3f f0 ff 03 	and	#1023,	r15	;#0x03ff
    4a20:	3d 53       	add	#-1,	r13	;r3 As==11
    4a22:	ce 4c 32 16 	mov.b	r12,	5682(r14);0x1632(r14)
    4a26:	1e 53       	inc	r14		
    4a28:	0e 9b       	cmp	r11,	r14	
    4a2a:	f3 23       	jnz	$-24     	;abs 0x4a12
    4a2c:	82 4f 24 11 	mov	r15,	&0x1124	
    4a30:	82 4d 20 11 	mov	r13,	&0x1120	
    4a34:	f2 43 2c 16 	mov.b	#-1,	&0x162c	;r3 As==11
    4a38:	f2 43 2b 16 	mov.b	#-1,	&0x162b	;r3 As==11
    4a3c:	f2 40 64 00 31 16 	mov.b	#100,	&0x1631	;#0x0064
    4a42:	82 93 78 15 	tst	&0x1578	
    4a46:	0d 20       	jnz	$+28     	;abs 0x4a62
    4a48:	b2 40 26 16 78 15 	mov	#5670,	&0x1578	;#0x1626
    4a4e:	f2 40 1c 00 2f 16 	mov.b	#28,	&0x162f	;#0x001c
    4a54:	c2 93 13 11 	tst.b	&0x1113	
    4a58:	08 24       	jz	$+18     	;abs 0x4a6a
    4a5a:	b0 12 ba 49 	call	#0x49ba	
    4a5e:	4f 93       	tst.b	r15		
    4a60:	04 24       	jz	$+10     	;abs 0x4a6a
    4a62:	7f 40 0b 00 	mov.b	#11,	r15	;#0x000b
    4a66:	b0 12 80 45 	call	#0x4580	
    4a6a:	3b 41       	pop	r11		
    4a6c:	30 41       	ret			

00004a6e <AMQueueImplP__0__Send__sendDone.isra.71>:
    4a6e:	4f 93       	tst.b	r15		
    4a70:	0f 20       	jnz	$+32     	;abs 0x4a90
    4a72:	4e 93       	tst.b	r14		
    4a74:	09 20       	jnz	$+20     	;abs 0x4a88
    4a76:	82 93 20 11 	tst	&0x1120	
    4a7a:	03 24       	jz	$+8      	;abs 0x4a82
    4a7c:	b0 12 e8 49 	call	#0x49e8	
    4a80:	30 41       	ret			
    4a82:	c2 43 1e 11 	mov.b	#0,	&0x111e	;r3 As==00
    4a86:	30 41       	ret			
    4a88:	7f 40 0b 00 	mov.b	#11,	r15	;#0x000b
    4a8c:	b0 12 80 45 	call	#0x4580	
    4a90:	30 41       	ret			

00004a92 <Msp430UartP__0__UsartResource__isOwner.part.78>:
    4a92:	b0 12 66 45 	call	#0x4566	
    4a96:	4e 4f       	mov.b	r15,	r14	
    4a98:	c2 93 08 11 	tst.b	&0x1108	
    4a9c:	08 20       	jnz	$+18     	;abs 0x4aae
    4a9e:	f2 90 03 00 26 11 	cmp.b	#3,	&0x1126	;#0x0003
    4aa4:	04 20       	jnz	$+10     	;abs 0x4aae
    4aa6:	b0 12 78 45 	call	#0x4578	
    4aaa:	5f 43       	mov.b	#1,	r15	;r3 As==01
    4aac:	30 41       	ret			
    4aae:	4f 4e       	mov.b	r14,	r15	
    4ab0:	b0 12 78 45 	call	#0x4578	
    4ab4:	4f 43       	clr.b	r15		
    4ab6:	30 41       	ret			

00004ab8 <HdlcTranslateC__UartStream__send.constprop.83>:
    4ab8:	b0 12 92 4a 	call	#0x4a92	
    4abc:	4f 93       	tst.b	r15		
    4abe:	11 24       	jz	$+36     	;abs 0x4ae2
    4ac0:	82 93 24 16 	tst	&0x1624	
    4ac4:	10 20       	jnz	$+34     	;abs 0x4ae6
    4ac6:	b2 40 56 11 24 16 	mov	#4438,	&0x1624	;#0x1156
    4acc:	92 43 10 16 	mov	#1,	&0x1610	;r3 As==01
    4ad0:	c2 43 48 11 	mov.b	#0,	&0x1148	;r3 As==00
    4ad4:	92 43 5e 11 	mov	#1,	&0x115e	;r3 As==01
    4ad8:	d2 42 56 11 7f 00 	mov.b	&0x1156,&0x007f	
    4ade:	4f 43       	clr.b	r15		
    4ae0:	30 41       	ret			
    4ae2:	5f 43       	mov.b	#1,	r15	;r3 As==01
    4ae4:	30 41       	ret			
    4ae6:	7f 40 05 00 	mov.b	#5,	r15	;#0x0005
    4aea:	30 41       	ret			

00004aec <SerialP__SerialFrameComm__putData>:
    4aec:	4e 4f       	mov.b	r15,	r14	
    4aee:	7e 50 83 ff 	add.b	#-125,	r14	;#0xff83
    4af2:	6e 93       	cmp.b	#2,	r14	;r3 As==10
    4af4:	0a 2c       	jc	$+22     	;abs 0x4b0a
    4af6:	d2 d3 28 11 	bis.b	#1,	&0x1128	;r3 As==01
    4afa:	7f e0 20 00 	xor.b	#32,	r15	;#0x0020
    4afe:	c2 4f 0d 16 	mov.b	r15,	&0x160d	
    4b02:	f2 40 7d 00 56 11 	mov.b	#125,	&0x1156	;#0x007d
    4b08:	02 3c       	jmp	$+6      	;abs 0x4b0e
    4b0a:	c2 4f 56 11 	mov.b	r15,	&0x1156	
    4b0e:	b0 12 b8 4a 	call	#0x4ab8	
    4b12:	30 41       	ret			

00004b14 <SerialP__SerialFrameComm__putDelimiter>:
    4b14:	b0 12 66 45 	call	#0x4566	
    4b18:	f2 f0 fe ff 28 11 	and.b	#-2,	&0x1128	;#0xfffe
    4b1e:	f2 40 7e 00 56 11 	mov.b	#126,	&0x1156	;#0x007e
    4b24:	b0 12 78 45 	call	#0x4578	
    4b28:	b0 12 b8 4a 	call	#0x4ab8	
    4b2c:	30 41       	ret			

00004b2e <HdlcTranslateC__UartStream__sendDone.isra.80>:
    4b2e:	0b 12       	push	r11		
    4b30:	0a 12       	push	r10		
    4b32:	09 12       	push	r9		
    4b34:	d2 b3 28 11 	bit.b	#1,	&0x1128	;r3 As==01
    4b38:	09 24       	jz	$+20     	;abs 0x4b4c
    4b3a:	f2 f0 fe ff 28 11 	and.b	#-2,	&0x1128	;#0xfffe
    4b40:	d2 42 0d 16 56 11 	mov.b	&0x160d,&0x1156	
    4b46:	b0 12 b8 4a 	call	#0x4ab8	
    4b4a:	87 3c       	jmp	$+272    	;abs 0x4c5a
    4b4c:	5f 42 0c 16 	mov.b	&0x160c,r15	
    4b50:	7f 53       	add.b	#-1,	r15	;r3 As==11
    4b52:	7f 92       	cmp.b	#8,	r15	;r2 As==11
    4b54:	7d 2c       	jc	$+252    	;abs 0x4c50
    4b56:	4f 4f       	mov.b	r15,	r15	
    4b58:	0f 5f       	rla	r15		
    4b5a:	10 4f 6a 58 	br	22634(r15)	;0x586a(r15)
    4b5e:	5f 42 66 11 	mov.b	&0x1166,r15	
    4b62:	b0 12 ec 4a 	call	#0x4aec	
    4b66:	4b 4f       	mov.b	r15,	r11	
    4b68:	f2 40 03 00 0c 16 	mov.b	#3,	&0x160c	;#0x0003
    4b6e:	5e 42 66 11 	mov.b	&0x1166,r14	
    4b72:	0a 3c       	jmp	$+22     	;abs 0x4b88
    4b74:	5f 42 21 16 	mov.b	&0x1621,r15	
    4b78:	b0 12 ec 4a 	call	#0x4aec	
    4b7c:	4b 4f       	mov.b	r15,	r11	
    4b7e:	f2 40 03 00 0c 16 	mov.b	#3,	&0x160c	;#0x0003
    4b84:	5e 42 21 16 	mov.b	&0x1621,r14	
    4b88:	1f 42 5c 16 	mov	&0x165c,r15	
    4b8c:	b0 12 c8 44 	call	#0x44c8	
    4b90:	82 4f 5c 16 	mov	r15,	&0x165c	
    4b94:	5b 3c       	jmp	$+184    	;abs 0x4c4c
    4b96:	5f 42 80 15 	mov.b	&0x1580,r15	
    4b9a:	0f 5f       	rla	r15		
    4b9c:	3f 50 6c 11 	add	#4460,	r15	;#0x116c
    4ba0:	5f 4f 01 00 	mov.b	1(r15),	r15	;0x0001(r15)
    4ba4:	b0 12 ec 4a 	call	#0x4aec	
    4ba8:	4b 4f       	mov.b	r15,	r11	
    4baa:	59 42 80 15 	mov.b	&0x1580,r9	
    4bae:	4a 49       	mov.b	r9,	r10	
    4bb0:	0d 4a       	mov	r10,	r13	
    4bb2:	0d 5d       	rla	r13		
    4bb4:	3d 50 6c 11 	add	#4460,	r13	;#0x116c
    4bb8:	5e 4d 01 00 	mov.b	1(r13),	r14	;0x0001(r13)
    4bbc:	1f 42 5c 16 	mov	&0x165c,r15	
    4bc0:	b0 12 c8 44 	call	#0x44c8	
    4bc4:	82 4f 5c 16 	mov	r15,	&0x165c	
    4bc8:	5d 42 60 11 	mov.b	&0x1160,r13	
    4bcc:	5d 53       	inc.b	r13		
    4bce:	c2 4d 60 11 	mov.b	r13,	&0x1160	
    4bd2:	59 93       	cmp.b	#1,	r9	;r3 As==01
    4bd4:	1b 20       	jnz	$+56     	;abs 0x4c0c
    4bd6:	5e 42 38 11 	mov.b	&0x1138,r14	
    4bda:	4f 4e       	mov.b	r14,	r15	
    4bdc:	1f 52 3e 11 	add	&0x113e,r15	
    4be0:	6f 4f       	mov.b	@r15,	r15	
    4be2:	5e 53       	inc.b	r14		
    4be4:	c2 4e 38 11 	mov.b	r14,	&0x1138	
    4be8:	c2 9e 3a 11 	cmp.b	r14,	&0x113a	
    4bec:	03 2c       	jc	$+8      	;abs 0x4bf4
    4bee:	e2 43 6e 11 	mov.b	#2,	&0x116e	;r3 As==10
    4bf2:	4f 43       	clr.b	r15		
    4bf4:	0e 4a       	mov	r10,	r14	
    4bf6:	0e 5e       	rla	r14		
    4bf8:	3e 50 6c 11 	add	#4460,	r14	;#0x116c
    4bfc:	ee 93 00 00 	cmp.b	#2,	0(r14)	;r3 As==10, 0x0000(r14)
    4c00:	05 24       	jz	$+12     	;abs 0x4c0c
    4c02:	7d 93       	cmp.b	#-1,	r13	;r3 As==11
    4c04:	03 24       	jz	$+8      	;abs 0x4c0c
    4c06:	ce 4f 01 00 	mov.b	r15,	1(r14)	;0x0001(r14)
    4c0a:	20 3c       	jmp	$+66     	;abs 0x4c4c
    4c0c:	e2 42 0c 16 	mov.b	#4,	&0x160c	;r2 As==10
    4c10:	1d 3c       	jmp	$+60     	;abs 0x4c4c
    4c12:	5f 42 5c 16 	mov.b	&0x165c,r15	
    4c16:	b0 12 ec 4a 	call	#0x4aec	
    4c1a:	4b 4f       	mov.b	r15,	r11	
    4c1c:	f2 40 05 00 0c 16 	mov.b	#5,	&0x160c	;#0x0005
    4c22:	14 3c       	jmp	$+42     	;abs 0x4c4c
    4c24:	1f 42 5c 16 	mov	&0x165c,r15	
    4c28:	8f 10       	swpb	r15		
    4c2a:	b0 12 ec 4a 	call	#0x4aec	
    4c2e:	4b 4f       	mov.b	r15,	r11	
    4c30:	f2 40 06 00 0c 16 	mov.b	#6,	&0x160c	;#0x0006
    4c36:	0a 3c       	jmp	$+22     	;abs 0x4c4c
    4c38:	b0 12 14 4b 	call	#0x4b14	
    4c3c:	4b 4f       	mov.b	r15,	r11	
    4c3e:	f2 40 07 00 0c 16 	mov.b	#7,	&0x160c	;#0x0007
    4c44:	03 3c       	jmp	$+8      	;abs 0x4c4c
    4c46:	f2 42 0c 16 	mov.b	#8,	&0x160c	;r2 As==11
    4c4a:	05 3c       	jmp	$+12     	;abs 0x4c56
    4c4c:	4b 93       	tst.b	r11		
    4c4e:	05 24       	jz	$+12     	;abs 0x4c5a
    4c50:	f2 40 09 00 0c 16 	mov.b	#9,	&0x160c	;#0x0009
    4c56:	b0 12 6c 46 	call	#0x466c	
    4c5a:	39 41       	pop	r9		
    4c5c:	3a 41       	pop	r10		
    4c5e:	3b 41       	pop	r11		
    4c60:	30 41       	ret			

00004c62 <TransformAlarmC__0__Counter__get>:
    4c62:	0b 12       	push	r11		
    4c64:	0a 12       	push	r10		
    4c66:	09 12       	push	r9		
    4c68:	08 12       	push	r8		
    4c6a:	b0 12 66 45 	call	#0x4566	
    4c6e:	4c 4f       	mov.b	r15,	r12	
    4c70:	1a 42 7a 15 	mov	&0x157a,r10	
    4c74:	1b 42 7c 15 	mov	&0x157c,r11	
    4c78:	1d 42 90 01 	mov	&0x0190,r13	
    4c7c:	01 3c       	jmp	$+4      	;abs 0x4c80
    4c7e:	0d 4f       	mov	r15,	r13	
    4c80:	1f 42 90 01 	mov	&0x0190,r15	
    4c84:	0d 9f       	cmp	r15,	r13	
    4c86:	fb 23       	jnz	$-8      	;abs 0x4c7e
    4c88:	1f 42 80 01 	mov	&0x0180,r15	
    4c8c:	5f f3       	and.b	#1,	r15	;r3 As==01
    4c8e:	0a 24       	jz	$+22     	;abs 0x4ca4
    4c90:	1a 53       	inc	r10		
    4c92:	0b 63       	adc	r11		
    4c94:	1d 42 90 01 	mov	&0x0190,r13	
    4c98:	01 3c       	jmp	$+4      	;abs 0x4c9c
    4c9a:	0d 4f       	mov	r15,	r13	
    4c9c:	1f 42 90 01 	mov	&0x0190,r15	
    4ca0:	0d 9f       	cmp	r15,	r13	
    4ca2:	fb 23       	jnz	$-8      	;abs 0x4c9a
    4ca4:	12 c3       	clrc			
    4ca6:	0d 10       	rrc	r13		
    4ca8:	12 c3       	clrc			
    4caa:	0d 10       	rrc	r13		
    4cac:	12 c3       	clrc			
    4cae:	0d 10       	rrc	r13		
    4cb0:	12 c3       	clrc			
    4cb2:	0d 10       	rrc	r13		
    4cb4:	12 c3       	clrc			
    4cb6:	0d 10       	rrc	r13		
    4cb8:	08 4d       	mov	r13,	r8	
    4cba:	09 43       	clr	r9		
    4cbc:	0e 4a       	mov	r10,	r14	
    4cbe:	0f 4b       	mov	r11,	r15	
    4cc0:	4f ea       	xor.b	r10,	r15	
    4cc2:	0f ea       	xor	r10,	r15	
    4cc4:	8f 10       	swpb	r15		
    4cc6:	4e 4e       	mov.b	r14,	r14	
    4cc8:	8e 10       	swpb	r14		
    4cca:	0e 5e       	rla	r14		
    4ccc:	0f 6f       	rlc	r15		
    4cce:	0e 5e       	rla	r14		
    4cd0:	0f 6f       	rlc	r15		
    4cd2:	0e 5e       	rla	r14		
    4cd4:	0f 6f       	rlc	r15		
    4cd6:	08 de       	bis	r14,	r8	
    4cd8:	09 df       	bis	r15,	r9	
    4cda:	4f 4c       	mov.b	r12,	r15	
    4cdc:	b0 12 78 45 	call	#0x4578	
    4ce0:	0e 48       	mov	r8,	r14	
    4ce2:	0f 49       	mov	r9,	r15	
    4ce4:	38 41       	pop	r8		
    4ce6:	39 41       	pop	r9		
    4ce8:	3a 41       	pop	r10		
    4cea:	3b 41       	pop	r11		
    4cec:	30 41       	ret			

00004cee <TransformAlarmC__0__set_alarm>:
    4cee:	0b 12       	push	r11		
    4cf0:	0a 12       	push	r10		
    4cf2:	b0 12 62 4c 	call	#0x4c62	
    4cf6:	1c 42 68 11 	mov	&0x1168,r12	
    4cfa:	1d 42 6a 11 	mov	&0x116a,r13	
    4cfe:	0a 4c       	mov	r12,	r10	
    4d00:	0b 4d       	mov	r13,	r11	
    4d02:	1a 52 62 11 	add	&0x1162,r10	
    4d06:	1b 62 64 11 	addc	&0x1164,r11	
    4d0a:	0f 9d       	cmp	r13,	r15	
    4d0c:	09 28       	jnc	$+20     	;abs 0x4d20
    4d0e:	02 20       	jnz	$+6      	;abs 0x4d14
    4d10:	0e 9c       	cmp	r12,	r14	
    4d12:	06 28       	jnc	$+14     	;abs 0x4d20
    4d14:	0b 9d       	cmp	r13,	r11	
    4d16:	10 28       	jnc	$+34     	;abs 0x4d38
    4d18:	09 20       	jnz	$+20     	;abs 0x4d2c
    4d1a:	0a 9c       	cmp	r12,	r10	
    4d1c:	0d 28       	jnc	$+28     	;abs 0x4d38
    4d1e:	06 3c       	jmp	$+14     	;abs 0x4d2c
    4d20:	0b 9d       	cmp	r13,	r11	
    4d22:	04 28       	jnc	$+10     	;abs 0x4d2c
    4d24:	0d 9b       	cmp	r11,	r13	
    4d26:	27 28       	jnc	$+80     	;abs 0x4d76
    4d28:	0a 9c       	cmp	r12,	r10	
    4d2a:	25 2c       	jc	$+76     	;abs 0x4d76
    4d2c:	0f 9b       	cmp	r11,	r15	
    4d2e:	04 28       	jnc	$+10     	;abs 0x4d38
    4d30:	0b 9f       	cmp	r15,	r11	
    4d32:	21 28       	jnc	$+68     	;abs 0x4d76
    4d34:	0e 9a       	cmp	r10,	r14	
    4d36:	1f 2c       	jc	$+64     	;abs 0x4d76
    4d38:	0c 4a       	mov	r10,	r12	
    4d3a:	0d 4b       	mov	r11,	r13	
    4d3c:	0c 8e       	sub	r14,	r12	
    4d3e:	0d 7f       	subc	r15,	r13	
    4d40:	0d 93       	tst	r13		
    4d42:	03 20       	jnz	$+8      	;abs 0x4d4a
    4d44:	3c 90 01 04 	cmp	#1025,	r12	;#0x0401
    4d48:	18 28       	jnc	$+50     	;abs 0x4d7a
    4d4a:	0a 4e       	mov	r14,	r10	
    4d4c:	0b 4f       	mov	r15,	r11	
    4d4e:	3a 50 00 04 	add	#1024,	r10	;#0x0400
    4d52:	0b 63       	adc	r11		
    4d54:	82 4a 68 11 	mov	r10,	&0x1168	
    4d58:	82 4b 6a 11 	mov	r11,	&0x116a	
    4d5c:	0a 4c       	mov	r12,	r10	
    4d5e:	0b 4d       	mov	r13,	r11	
    4d60:	3a 50 00 fc 	add	#-1024,	r10	;#0xfc00
    4d64:	3b 63       	addc	#-1,	r11	;r3 As==11
    4d66:	82 4a 62 11 	mov	r10,	&0x1162	
    4d6a:	82 4b 64 11 	mov	r11,	&0x1164	
    4d6e:	3c 40 00 04 	mov	#1024,	r12	;#0x0400
    4d72:	0d 43       	clr	r13		
    4d74:	0a 3c       	jmp	$+22     	;abs 0x4d8a
    4d76:	0c 43       	clr	r12		
    4d78:	0d 43       	clr	r13		
    4d7a:	82 4a 68 11 	mov	r10,	&0x1168	
    4d7e:	82 4b 6a 11 	mov	r11,	&0x116a	
    4d82:	82 43 62 11 	mov	#0,	&0x1162	;r3 As==00
    4d86:	82 43 64 11 	mov	#0,	&0x1164	;r3 As==00
    4d8a:	0c 5c       	rla	r12		
    4d8c:	0c 5c       	rla	r12		
    4d8e:	0c 5c       	rla	r12		
    4d90:	0c 5c       	rla	r12		
    4d92:	0c 5c       	rla	r12		
    4d94:	0e 5e       	rla	r14		
    4d96:	0e 5e       	rla	r14		
    4d98:	0e 5e       	rla	r14		
    4d9a:	0e 5e       	rla	r14		
    4d9c:	0e 5e       	rla	r14		
    4d9e:	1f 42 90 01 	mov	&0x0190,r15	
    4da2:	01 3c       	jmp	$+4      	;abs 0x4da6
    4da4:	0f 4d       	mov	r13,	r15	
    4da6:	1d 42 90 01 	mov	&0x0190,r13	
    4daa:	0f 9d       	cmp	r13,	r15	
    4dac:	fb 23       	jnz	$-8      	;abs 0x4da4
    4dae:	0b 4f       	mov	r15,	r11	
    4db0:	0b 8e       	sub	r14,	r11	
    4db2:	0b 9c       	cmp	r12,	r11	
    4db4:	09 28       	jnc	$+20     	;abs 0x4dc8
    4db6:	1f 42 90 01 	mov	&0x0190,r15	
    4dba:	01 3c       	jmp	$+4      	;abs 0x4dbe
    4dbc:	0f 4e       	mov	r14,	r15	
    4dbe:	1e 42 90 01 	mov	&0x0190,r14	
    4dc2:	0f 9e       	cmp	r14,	r15	
    4dc4:	fb 23       	jnz	$-8      	;abs 0x4dbc
    4dc6:	0c 3c       	jmp	$+26     	;abs 0x4de0
    4dc8:	0c 8b       	sub	r11,	r12	
    4dca:	3c 90 03 00 	cmp	#3,	r12	;#0x0003
    4dce:	0c 2c       	jc	$+26     	;abs 0x4de8
    4dd0:	1f 42 90 01 	mov	&0x0190,r15	
    4dd4:	01 3c       	jmp	$+4      	;abs 0x4dd8
    4dd6:	0f 4e       	mov	r14,	r15	
    4dd8:	1e 42 90 01 	mov	&0x0190,r14	
    4ddc:	0f 9e       	cmp	r14,	r15	
    4dde:	fb 23       	jnz	$-8      	;abs 0x4dd6
    4de0:	2f 53       	incd	r15		
    4de2:	82 4f 92 01 	mov	r15,	&0x0192	
    4de6:	03 3c       	jmp	$+8      	;abs 0x4dee
    4de8:	0c 5f       	add	r15,	r12	
    4dea:	82 4c 92 01 	mov	r12,	&0x0192	
    4dee:	b2 f0 fe ff 82 01 	and	#-2,	&0x0182	;#0xfffe
    4df4:	b2 d0 10 00 82 01 	bis	#16,	&0x0182	;#0x0010
    4dfa:	3a 41       	pop	r10		
    4dfc:	3b 41       	pop	r11		
    4dfe:	30 41       	ret			

00004e00 <Msp430TimerP__1__Event__fired>:
    4e00:	7f 92       	cmp.b	#8,	r15	;r2 As==11
    4e02:	50 2c       	jc	$+162    	;abs 0x4ea4
    4e04:	4f 4f       	mov.b	r15,	r15	
    4e06:	0f 5f       	rla	r15		
    4e08:	10 4f 7a 58 	br	22650(r15)	;0x587a(r15)
    4e0c:	1f 42 82 01 	mov	&0x0182,r15	
    4e10:	8f 10       	swpb	r15		
    4e12:	5f f3       	and.b	#1,	r15	;r3 As==01
    4e14:	03 24       	jz	$+8      	;abs 0x4e1c
    4e16:	1f 42 92 01 	mov	&0x0192,r15	
    4e1a:	30 41       	ret			
    4e1c:	b2 f0 ef ff 82 01 	and	#-17,	&0x0182	;#0xffef
    4e22:	82 93 62 11 	tst	&0x1162	
    4e26:	07 20       	jnz	$+16     	;abs 0x4e36
    4e28:	82 93 64 11 	tst	&0x1164	
    4e2c:	04 20       	jnz	$+10     	;abs 0x4e36
    4e2e:	4f 43       	clr.b	r15		
    4e30:	b0 12 80 45 	call	#0x4580	
    4e34:	30 41       	ret			
    4e36:	b0 12 ee 4c 	call	#0x4cee	
    4e3a:	30 41       	ret			
    4e3c:	1f 42 84 01 	mov	&0x0184,r15	
    4e40:	8f 10       	swpb	r15		
    4e42:	5f f3       	and.b	#1,	r15	;r3 As==01
    4e44:	2f 24       	jz	$+96     	;abs 0x4ea4
    4e46:	1f 42 94 01 	mov	&0x0194,r15	
    4e4a:	30 41       	ret			
    4e4c:	1f 42 86 01 	mov	&0x0186,r15	
    4e50:	8f 10       	swpb	r15		
    4e52:	5f f3       	and.b	#1,	r15	;r3 As==01
    4e54:	27 24       	jz	$+80     	;abs 0x4ea4
    4e56:	1f 42 96 01 	mov	&0x0196,r15	
    4e5a:	30 41       	ret			
    4e5c:	1f 42 88 01 	mov	&0x0188,r15	
    4e60:	8f 10       	swpb	r15		
    4e62:	5f f3       	and.b	#1,	r15	;r3 As==01
    4e64:	1f 24       	jz	$+64     	;abs 0x4ea4
    4e66:	1f 42 98 01 	mov	&0x0198,r15	
    4e6a:	30 41       	ret			
    4e6c:	1f 42 8a 01 	mov	&0x018a,r15	
    4e70:	8f 10       	swpb	r15		
    4e72:	5f f3       	and.b	#1,	r15	;r3 As==01
    4e74:	17 24       	jz	$+48     	;abs 0x4ea4
    4e76:	1f 42 9a 01 	mov	&0x019a,r15	
    4e7a:	30 41       	ret			
    4e7c:	1f 42 8c 01 	mov	&0x018c,r15	
    4e80:	8f 10       	swpb	r15		
    4e82:	5f f3       	and.b	#1,	r15	;r3 As==01
    4e84:	0f 24       	jz	$+32     	;abs 0x4ea4
    4e86:	1f 42 9c 01 	mov	&0x019c,r15	
    4e8a:	30 41       	ret			
    4e8c:	1f 42 8e 01 	mov	&0x018e,r15	
    4e90:	8f 10       	swpb	r15		
    4e92:	5f f3       	and.b	#1,	r15	;r3 As==01
    4e94:	07 24       	jz	$+16     	;abs 0x4ea4
    4e96:	1f 42 9e 01 	mov	&0x019e,r15	
    4e9a:	30 41       	ret			
    4e9c:	92 53 7a 15 	inc	&0x157a	
    4ea0:	82 63 7c 15 	adc	&0x157c	
    4ea4:	30 41       	ret			

00004ea6 <VirtualizeTimerC__0__Timer__startPeriodic>:
    4ea6:	0b 12       	push	r11		
    4ea8:	09 12       	push	r9		
    4eaa:	08 12       	push	r8		
    4eac:	4b 4f       	mov.b	r15,	r11	
    4eae:	08 4d       	mov	r13,	r8	
    4eb0:	09 4e       	mov	r14,	r9	
    4eb2:	b0 12 62 4c 	call	#0x4c62	
    4eb6:	4b 4b       	mov.b	r11,	r11	
    4eb8:	0b 5b       	rla	r11		
    4eba:	0c 4b       	mov	r11,	r12	
    4ebc:	0c 5c       	rla	r12		
    4ebe:	0c 5c       	rla	r12		
    4ec0:	0c 5b       	add	r11,	r12	
    4ec2:	3c 50 84 15 	add	#5508,	r12	;#0x1584
    4ec6:	8c 4e 00 00 	mov	r14,	0(r12)	;0x0000(r12)
    4eca:	8c 4f 02 00 	mov	r15,	2(r12)	;0x0002(r12)
    4ece:	8c 48 04 00 	mov	r8,	4(r12)	;0x0004(r12)
    4ed2:	8c 49 06 00 	mov	r9,	6(r12)	;0x0006(r12)
    4ed6:	5f 4c 08 00 	mov.b	8(r12),	r15	;0x0008(r12)
    4eda:	7f f0 fe ff 	and.b	#-2,	r15	;#0xfffe
    4ede:	6f d3       	bis.b	#2,	r15	;r3 As==10
    4ee0:	cc 4f 08 00 	mov.b	r15,	8(r12)	;0x0008(r12)
    4ee4:	5f 43       	mov.b	#1,	r15	;r3 As==01
    4ee6:	b0 12 80 45 	call	#0x4580	
    4eea:	38 41       	pop	r8		
    4eec:	39 41       	pop	r9		
    4eee:	3b 41       	pop	r11		
    4ef0:	30 41       	ret			

00004ef2 <Msp430UartP__0__ResourceConfigure__configure.constprop.84>:
    4ef2:	0b 12       	push	r11		
    4ef4:	1f 42 00 11 	mov	&0x1100,r15	
    4ef8:	12 c3       	clrc			
    4efa:	0f 10       	rrc	r15		
    4efc:	c2 4f 22 16 	mov.b	r15,	&0x1622	
    4f00:	b0 12 66 45 	call	#0x4566	
    4f04:	4b 4f       	mov.b	r15,	r11	
    4f06:	d2 43 78 00 	mov.b	#1,	&0x0078	;r3 As==01
    4f0a:	b0 12 92 44 	call	#0x4492	
    4f0e:	5e 42 03 11 	mov.b	&0x1103,r14	
    4f12:	7e f0 fa ff 	and.b	#-6,	r14	;#0xfffa
    4f16:	5e d3       	bis.b	#1,	r14	;r3 As==01
    4f18:	c2 4e 78 00 	mov.b	r14,	&0x0078	
    4f1c:	d2 42 04 11 79 00 	mov.b	&0x1104,&0x0079	
    4f22:	d2 42 05 11 7a 00 	mov.b	&0x1105,&0x007a	
    4f28:	1e 42 00 11 	mov	&0x1100,r14	
    4f2c:	c2 4e 7c 00 	mov.b	r14,	&0x007c	
    4f30:	8e 10       	swpb	r14		
    4f32:	4e 4e       	mov.b	r14,	r14	
    4f34:	c2 4e 7d 00 	mov.b	r14,	&0x007d	
    4f38:	d2 42 02 11 7b 00 	mov.b	&0x1102,&0x007b	
    4f3e:	5e 42 06 11 	mov.b	&0x1106,r14	
    4f42:	7e f0 03 00 	and.b	#3,	r14	;#0x0003
    4f46:	7e 90 03 00 	cmp.b	#3,	r14	;#0x0003
    4f4a:	0b 20       	jnz	$+24     	;abs 0x4f62
    4f4c:	f2 d0 40 00 1b 00 	bis.b	#64,	&0x001b	;#0x0040
    4f52:	f2 d0 80 ff 1b 00 	bis.b	#-128,	&0x001b	;#0xff80
    4f58:	5e 42 05 00 	mov.b	&0x0005,r14	
    4f5c:	7e d0 30 00 	bis.b	#48,	r14	;#0x0030
    4f60:	0f 3c       	jmp	$+32     	;abs 0x4f80
    4f62:	6e 93       	cmp.b	#2,	r14	;r3 As==10
    4f64:	10 20       	jnz	$+34     	;abs 0x4f86
    4f66:	f2 f0 df ff 05 00 	and.b	#-33,	&0x0005	;#0xffdf
    4f6c:	f2 f0 bf ff 1b 00 	and.b	#-65,	&0x001b	;#0xffbf
    4f72:	f2 d0 80 ff 1b 00 	bis.b	#-128,	&0x001b	;#0xff80
    4f78:	5e 42 05 00 	mov.b	&0x0005,r14	
    4f7c:	7e d0 10 00 	bis.b	#16,	r14	;#0x0010
    4f80:	c2 4e 05 00 	mov.b	r14,	&0x0005	
    4f84:	12 3c       	jmp	$+38     	;abs 0x4faa
    4f86:	5e 93       	cmp.b	#1,	r14	;r3 As==01
    4f88:	0e 20       	jnz	$+30     	;abs 0x4fa6
    4f8a:	f2 f0 ef ff 05 00 	and.b	#-17,	&0x0005	;#0xffef
    4f90:	f2 f0 7f 00 1b 00 	and.b	#127,	&0x001b	;#0x007f
    4f96:	f2 d0 40 00 1b 00 	bis.b	#64,	&0x001b	;#0x0040
    4f9c:	5e 42 05 00 	mov.b	&0x0005,r14	
    4fa0:	7e d0 20 00 	bis.b	#32,	r14	;#0x0020
    4fa4:	ed 3f       	jmp	$-36     	;abs 0x4f80
    4fa6:	b0 12 b0 44 	call	#0x44b0	
    4faa:	f2 f0 fe ff 78 00 	and.b	#-2,	&0x0078	;#0xfffe
    4fb0:	f2 f0 cf ff 03 00 	and.b	#-49,	&0x0003	;#0xffcf
    4fb6:	f2 f0 cf ff 01 00 	and.b	#-49,	&0x0001	;#0xffcf
    4fbc:	4f 4b       	mov.b	r11,	r15	
    4fbe:	b0 12 78 45 	call	#0x4578	
    4fc2:	b0 12 66 45 	call	#0x4566	
    4fc6:	f2 f0 cf ff 03 00 	and.b	#-49,	&0x0003	;#0xffcf
    4fcc:	f2 d0 30 00 01 00 	bis.b	#48,	&0x0001	;#0x0030
    4fd2:	b0 12 78 45 	call	#0x4578	
    4fd6:	3b 41       	pop	r11		
    4fd8:	30 41       	ret			

00004fda <sig_TIMERA0_VECTOR>:
    4fda:	0f 12       	push	r15		
    4fdc:	0e 12       	push	r14		
    4fde:	0d 12       	push	r13		
    4fe0:	0c 12       	push	r12		
    4fe2:	4f 43       	clr.b	r15		
    4fe4:	b0 12 2a 45 	call	#0x452a	
    4fe8:	3c 41       	pop	r12		
    4fea:	3d 41       	pop	r13		
    4fec:	3e 41       	pop	r14		
    4fee:	3f 41       	pop	r15		
    4ff0:	b1 c0 f0 00 00 00 	bic	#240,	0(r1)	;#0x00f0, 0x0000(r1)
    4ff6:	00 13       	reti			

00004ff8 <sig_TIMERA1_VECTOR>:
    4ff8:	0f 12       	push	r15		
    4ffa:	0e 12       	push	r14		
    4ffc:	0d 12       	push	r13		
    4ffe:	0c 12       	push	r12		
    5000:	1f 42 2e 01 	mov	&0x012e,r15	
    5004:	4f 4f       	mov.b	r15,	r15	
    5006:	12 c3       	clrc			
    5008:	4f 10       	rrc.b	r15		
    500a:	b0 12 2a 45 	call	#0x452a	
    500e:	3c 41       	pop	r12		
    5010:	3d 41       	pop	r13		
    5012:	3e 41       	pop	r14		
    5014:	3f 41       	pop	r15		
    5016:	b1 c0 f0 00 00 00 	bic	#240,	0(r1)	;#0x00f0, 0x0000(r1)
    501c:	00 13       	reti			

0000501e <sig_TIMERB0_VECTOR>:
    501e:	0f 12       	push	r15		
    5020:	0e 12       	push	r14		
    5022:	0d 12       	push	r13		
    5024:	0c 12       	push	r12		
    5026:	4f 43       	clr.b	r15		
    5028:	b0 12 00 4e 	call	#0x4e00	
    502c:	3c 41       	pop	r12		
    502e:	3d 41       	pop	r13		
    5030:	3e 41       	pop	r14		
    5032:	3f 41       	pop	r15		
    5034:	b1 c0 f0 00 00 00 	bic	#240,	0(r1)	;#0x00f0, 0x0000(r1)
    503a:	00 13       	reti			

0000503c <sig_TIMERB1_VECTOR>:
    503c:	0f 12       	push	r15		
    503e:	0e 12       	push	r14		
    5040:	0d 12       	push	r13		
    5042:	0c 12       	push	r12		
    5044:	1f 42 1e 01 	mov	&0x011e,r15	
    5048:	4f 4f       	mov.b	r15,	r15	
    504a:	12 c3       	clrc			
    504c:	4f 10       	rrc.b	r15		
    504e:	b0 12 00 4e 	call	#0x4e00	
    5052:	3c 41       	pop	r12		
    5054:	3d 41       	pop	r13		
    5056:	3e 41       	pop	r14		
    5058:	3f 41       	pop	r15		
    505a:	b1 c0 f0 00 00 00 	bic	#240,	0(r1)	;#0x00f0, 0x0000(r1)
    5060:	00 13       	reti			

00005062 <printfflush>:
    5062:	b0 12 66 45 	call	#0x4566	
    5066:	d2 93 1e 11 	cmp.b	#1,	&0x111e	;r3 As==01
    506a:	04 20       	jnz	$+10     	;abs 0x5074
    506c:	b0 12 78 45 	call	#0x4578	
    5070:	0f 43       	clr	r15		
    5072:	30 41       	ret			
    5074:	82 93 20 11 	tst	&0x1120	
    5078:	04 20       	jnz	$+10     	;abs 0x5082
    507a:	b0 12 78 45 	call	#0x4578	
    507e:	1f 43       	mov	#1,	r15	;r3 As==01
    5080:	30 41       	ret			
    5082:	d2 43 1e 11 	mov.b	#1,	&0x111e	;r3 As==01
    5086:	b0 12 78 45 	call	#0x4578	
    508a:	b0 12 e8 49 	call	#0x49e8	
    508e:	0f 43       	clr	r15		
    5090:	30 41       	ret			

00005092 <VirtualizeTimerC__0__fireTimers>:
    5092:	0b 12       	push	r11		
    5094:	0a 12       	push	r10		
    5096:	09 12       	push	r9		
    5098:	08 12       	push	r8		
    509a:	07 12       	push	r7		
    509c:	06 12       	push	r6		
    509e:	05 12       	push	r5		
    50a0:	06 4e       	mov	r14,	r6	
    50a2:	07 4f       	mov	r15,	r7	
    50a4:	05 43       	clr	r5		
    50a6:	0e 45       	mov	r5,	r14	
    50a8:	0e 5e       	rla	r14		
    50aa:	0f 4e       	mov	r14,	r15	
    50ac:	0f 5f       	rla	r15		
    50ae:	0f 5f       	rla	r15		
    50b0:	0f 5e       	add	r14,	r15	
    50b2:	3f 50 84 15 	add	#5508,	r15	;#0x1584
    50b6:	5e 4f 08 00 	mov.b	8(r15),	r14	;0x0008(r15)
    50ba:	6e b3       	bit.b	#2,	r14	;r3 As==10
    50bc:	58 24       	jz	$+178    	;abs 0x516e
    50be:	2a 4f       	mov	@r15,	r10	
    50c0:	1b 4f 02 00 	mov	2(r15),	r11	;0x0002(r15)
    50c4:	1c 4f 04 00 	mov	4(r15),	r12	;0x0004(r15)
    50c8:	1d 4f 06 00 	mov	6(r15),	r13	;0x0006(r15)
    50cc:	08 46       	mov	r6,	r8	
    50ce:	09 47       	mov	r7,	r9	
    50d0:	08 8a       	sub	r10,	r8	
    50d2:	09 7b       	subc	r11,	r9	
    50d4:	09 9d       	cmp	r13,	r9	
    50d6:	4b 28       	jnc	$+152    	;abs 0x516e
    50d8:	02 20       	jnz	$+6      	;abs 0x50de
    50da:	08 9c       	cmp	r12,	r8	
    50dc:	48 28       	jnc	$+146    	;abs 0x516e
    50de:	5e f3       	and.b	#1,	r14	;r3 As==01
    50e0:	04 24       	jz	$+10     	;abs 0x50ea
    50e2:	ff f0 fd ff 08 00 	and.b	#-3,	8(r15)	;#0xfffd, 0x0008(r15)
    50e8:	08 3c       	jmp	$+18     	;abs 0x50fa
    50ea:	08 4a       	mov	r10,	r8	
    50ec:	09 4b       	mov	r11,	r9	
    50ee:	08 5c       	add	r12,	r8	
    50f0:	09 6d       	addc	r13,	r9	
    50f2:	8f 48 00 00 	mov	r8,	0(r15)	;0x0000(r15)
    50f6:	8f 49 02 00 	mov	r9,	2(r15)	;0x0002(r15)
    50fa:	55 93       	cmp.b	#1,	r5	;r3 As==01
    50fc:	1a 24       	jz	$+54     	;abs 0x5132
    50fe:	65 93       	cmp.b	#2,	r5	;r3 As==10
    5100:	25 24       	jz	$+76     	;abs 0x514c
    5102:	3f 40 8a 58 	mov	#22666,	r15	;#0x588a
    5106:	b0 12 3c 58 	call	#0x583c	
    510a:	b0 12 62 50 	call	#0x5062	
    510e:	3a 40 81 1a 	mov	#6785,	r10	;#0x1a81
    5112:	3b 40 06 00 	mov	#6,	r11	;#0x0006
    5116:	b0 12 66 45 	call	#0x4566	
    511a:	f2 e0 10 00 31 00 	xor.b	#16,	&0x0031	;#0x0010
    5120:	b0 12 78 45 	call	#0x4578	
    5124:	3a 53       	add	#-1,	r10	;r3 As==11
    5126:	3b 63       	addc	#-1,	r11	;r3 As==11
    5128:	0a 93       	tst	r10		
    512a:	f5 23       	jnz	$-20     	;abs 0x5116
    512c:	0b 93       	tst	r11		
    512e:	f3 23       	jnz	$-24     	;abs 0x5116
    5130:	22 3c       	jmp	$+70     	;abs 0x5176
    5132:	3f 40 90 58 	mov	#22672,	r15	;#0x5890
    5136:	b0 12 3c 58 	call	#0x583c	
    513a:	b0 12 62 50 	call	#0x5062	
    513e:	b0 12 66 45 	call	#0x4566	
    5142:	5e 42 31 00 	mov.b	&0x0031,r14	
    5146:	7e e0 20 00 	xor.b	#32,	r14	;#0x0020
    514a:	0c 3c       	jmp	$+26     	;abs 0x5164
    514c:	3f 40 96 58 	mov	#22678,	r15	;#0x5896
    5150:	b0 12 3c 58 	call	#0x583c	
    5154:	b0 12 62 50 	call	#0x5062	
    5158:	b0 12 66 45 	call	#0x4566	
    515c:	5e 42 31 00 	mov.b	&0x0031,r14	
    5160:	7e e0 40 00 	xor.b	#64,	r14	;#0x0040
    5164:	c2 4e 31 00 	mov.b	r14,	&0x0031	
    5168:	b0 12 78 45 	call	#0x4578	
    516c:	04 3c       	jmp	$+10     	;abs 0x5176
    516e:	15 53       	inc	r5		
    5170:	35 90 03 00 	cmp	#3,	r5	;#0x0003
    5174:	98 23       	jnz	$-206    	;abs 0x50a6
    5176:	5f 43       	mov.b	#1,	r15	;r3 As==01
    5178:	b0 12 80 45 	call	#0x4580	
    517c:	35 41       	pop	r5		
    517e:	36 41       	pop	r6		
    5180:	37 41       	pop	r7		
    5182:	38 41       	pop	r8		
    5184:	39 41       	pop	r9		
    5186:	3a 41       	pop	r10		
    5188:	3b 41       	pop	r11		
    518a:	30 41       	ret			

0000518c <SchedulerBasicP__TaskBasic__runTask>:
    518c:	0b 12       	push	r11		
    518e:	0a 12       	push	r10		
    5190:	09 12       	push	r9		
    5192:	08 12       	push	r8		
    5194:	07 12       	push	r7		
    5196:	06 12       	push	r6		
    5198:	21 83       	decd	r1		
    519a:	7f 90 0c 00 	cmp.b	#12,	r15	;#0x000c
    519e:	02 28       	jnc	$+6      	;abs 0x51a4
    51a0:	30 40 70 56 	br	#0x5670	
    51a4:	4f 4f       	mov.b	r15,	r15	
    51a6:	0f 5f       	rla	r15		
    51a8:	10 4f 9c 58 	br	22684(r15)	;0x589c(r15)
    51ac:	c2 93 57 11 	tst.b	&0x1157	
    51b0:	27 20       	jnz	$+80     	;abs 0x5200
    51b2:	1a 42 1c 16 	mov	&0x161c,r10	
    51b6:	1b 42 1e 16 	mov	&0x161e,r11	
    51ba:	b0 12 66 45 	call	#0x4566	
    51be:	18 42 62 11 	mov	&0x1162,r8	
    51c2:	19 42 64 11 	mov	&0x1164,r9	
    51c6:	18 52 68 11 	add	&0x1168,r8	
    51ca:	19 62 6a 11 	addc	&0x116a,r9	
    51ce:	b0 12 78 45 	call	#0x4578	
    51d2:	82 4a 1c 16 	mov	r10,	&0x161c	
    51d6:	82 4b 1e 16 	mov	r11,	&0x161e	
    51da:	c2 43 57 11 	mov.b	#0,	&0x1157	;r3 As==00
    51de:	b0 12 66 45 	call	#0x4566	
    51e2:	82 48 68 11 	mov	r8,	&0x1168	
    51e6:	82 49 6a 11 	mov	r9,	&0x116a	
    51ea:	82 4a 62 11 	mov	r10,	&0x1162	
    51ee:	82 4b 64 11 	mov	r11,	&0x1164	
    51f2:	81 4f 00 00 	mov	r15,	0(r1)	;0x0000(r1)
    51f6:	b0 12 ee 4c 	call	#0x4cee	
    51fa:	2f 41       	mov	@r1,	r15	
    51fc:	b0 12 78 45 	call	#0x4578	
    5200:	b0 12 62 4c 	call	#0x4c62	
    5204:	3a 3c       	jmp	$+118    	;abs 0x527a
    5206:	b0 12 62 4c 	call	#0x4c62	
    520a:	08 4e       	mov	r14,	r8	
    520c:	09 4f       	mov	r15,	r9	
    520e:	b2 f0 ef ff 82 01 	and	#-17,	&0x0182	;#0xffef
    5214:	46 43       	clr.b	r6		
    5216:	3a 43       	mov	#-1,	r10	;r3 As==11
    5218:	3b 40 ff 7f 	mov	#32767,	r11	;#0x7fff
    521c:	07 43       	clr	r7		
    521e:	0e 47       	mov	r7,	r14	
    5220:	0e 5e       	rla	r14		
    5222:	0f 4e       	mov	r14,	r15	
    5224:	0f 5f       	rla	r15		
    5226:	0f 5f       	rla	r15		
    5228:	0f 5e       	add	r14,	r15	
    522a:	3f 50 84 15 	add	#5508,	r15	;#0x1584
    522e:	ef b3 08 00 	bit.b	#2,	8(r15)	;r3 As==10, 0x0008(r15)
    5232:	13 24       	jz	$+40     	;abs 0x525a
    5234:	0c 48       	mov	r8,	r12	
    5236:	0d 49       	mov	r9,	r13	
    5238:	2c 8f       	sub	@r15,	r12	
    523a:	1d 7f 02 00 	subc	2(r15),	r13	;0x0002(r15)
    523e:	1e 4f 04 00 	mov	4(r15),	r14	;0x0004(r15)
    5242:	1f 4f 06 00 	mov	6(r15),	r15	;0x0006(r15)
    5246:	0e 8c       	sub	r12,	r14	
    5248:	0f 7d       	subc	r13,	r15	
    524a:	0f 9b       	cmp	r11,	r15	
    524c:	03 38       	jl	$+8      	;abs 0x5254
    524e:	05 20       	jnz	$+12     	;abs 0x525a
    5250:	0e 9a       	cmp	r10,	r14	
    5252:	03 2c       	jc	$+8      	;abs 0x525a
    5254:	0a 4e       	mov	r14,	r10	
    5256:	0b 4f       	mov	r15,	r11	
    5258:	56 43       	mov.b	#1,	r6	;r3 As==01
    525a:	17 53       	inc	r7		
    525c:	37 90 03 00 	cmp	#3,	r7	;#0x0003
    5260:	de 23       	jnz	$-66     	;abs 0x521e
    5262:	46 93       	tst.b	r6		
    5264:	02 20       	jnz	$+6      	;abs 0x526a
    5266:	30 40 70 56 	br	#0x5670	
    526a:	0b 93       	tst	r11		
    526c:	04 38       	jl	$+10     	;abs 0x5276
    526e:	1b 93       	cmp	#1,	r11	;r3 As==01
    5270:	08 34       	jge	$+18     	;abs 0x5282
    5272:	1a 93       	cmp	#1,	r10	;r3 As==01
    5274:	06 2c       	jc	$+14     	;abs 0x5282
    5276:	0e 48       	mov	r8,	r14	
    5278:	0f 49       	mov	r9,	r15	
    527a:	b0 12 92 50 	call	#0x5092	
    527e:	30 40 70 56 	br	#0x5670	
    5282:	82 4a 1c 16 	mov	r10,	&0x161c	
    5286:	82 4b 1e 16 	mov	r11,	&0x161e	
    528a:	d2 43 57 11 	mov.b	#1,	&0x1157	;r3 As==01
    528e:	b0 12 66 45 	call	#0x4566	
    5292:	82 48 68 11 	mov	r8,	&0x1168	
    5296:	82 49 6a 11 	mov	r9,	&0x116a	
    529a:	82 4a 62 11 	mov	r10,	&0x1162	
    529e:	82 4b 64 11 	mov	r11,	&0x1164	
    52a2:	81 4f 00 00 	mov	r15,	0(r1)	;0x0000(r1)
    52a6:	b0 12 ee 4c 	call	#0x4cee	
    52aa:	2f 41       	mov	@r1,	r15	
    52ac:	d4 3c       	jmp	$+426    	;abs 0x5456
    52ae:	c2 93 23 16 	tst.b	&0x1623	
    52b2:	02 20       	jnz	$+6      	;abs 0x52b8
    52b4:	30 40 70 56 	br	#0x5670	
    52b8:	38 40 78 15 	mov	#5496,	r8	;#0x1578
    52bc:	4b 43       	clr.b	r11		
    52be:	5a 43       	mov.b	#1,	r10	;r3 As==01
    52c0:	5f 42 23 16 	mov.b	&0x1623,r15	
    52c4:	4a bf       	bit.b	r15,	r10	
    52c6:	0a 24       	jz	$+22     	;abs 0x52dc
    52c8:	88 43 00 00 	mov	#0,	0(r8)	;r3 As==00, 0x0000(r8)
    52cc:	4f ca       	bic.b	r10,	r15	
    52ce:	c2 4f 23 16 	mov.b	r15,	&0x1623	
    52d2:	7e 40 03 00 	mov.b	#3,	r14	;#0x0003
    52d6:	4f 4b       	mov.b	r11,	r15	
    52d8:	b0 12 6e 4a 	call	#0x4a6e	
    52dc:	4a 5a       	rla.b	r10		
    52de:	5b 53       	inc.b	r11		
    52e0:	28 53       	incd	r8		
    52e2:	7b 92       	cmp.b	#8,	r11	;r2 As==11
    52e4:	ed 23       	jnz	$-36     	;abs 0x52c0
    52e6:	30 40 70 56 	br	#0x5670	
    52ea:	5b 42 13 11 	mov.b	&0x1113,r11	
    52ee:	4e 4b       	mov.b	r11,	r14	
    52f0:	0e 5e       	rla	r14		
    52f2:	8e 43 78 15 	mov	#0,	5496(r14);r3 As==00, 0x1578(r14)
    52f6:	b0 12 76 49 	call	#0x4976	
    52fa:	5e 43       	mov.b	#1,	r14	;r3 As==01
    52fc:	4f 4b       	mov.b	r11,	r15	
    52fe:	30 40 da 55 	br	#0x55da	
    5302:	b0 12 66 45 	call	#0x4566	
    5306:	c2 43 5a 16 	mov.b	#0,	&0x165a	;r3 As==00
    530a:	5b 42 0c 16 	mov.b	&0x160c,r11	
    530e:	58 43       	mov.b	#1,	r8	;r3 As==01
    5310:	7b 92       	cmp.b	#8,	r11	;r2 As==11
    5312:	01 24       	jz	$+4      	;abs 0x5316
    5314:	48 43       	clr.b	r8		
    5316:	5a 43       	mov.b	#1,	r10	;r3 As==01
    5318:	7b 90 09 00 	cmp.b	#9,	r11	;#0x0009
    531c:	01 24       	jz	$+4      	;abs 0x5320
    531e:	4a 43       	clr.b	r10		
    5320:	48 93       	tst.b	r8		
    5322:	02 20       	jnz	$+6      	;abs 0x5328
    5324:	4a 93       	tst.b	r10		
    5326:	07 24       	jz	$+16     	;abs 0x5336
    5328:	c2 43 0c 16 	mov.b	#0,	&0x160c	;r3 As==00
    532c:	5e 42 80 15 	mov.b	&0x1580,r14	
    5330:	0e 5e       	rla	r14		
    5332:	ce 43 6c 11 	mov.b	#0,	4460(r14);r3 As==00, 0x116c(r14)
    5336:	b0 12 78 45 	call	#0x4578	
    533a:	48 93       	tst.b	r8		
    533c:	02 20       	jnz	$+6      	;abs 0x5342
    533e:	4a 93       	tst.b	r10		
    5340:	1e 24       	jz	$+62     	;abs 0x537e
    5342:	b0 12 66 45 	call	#0x4566	
    5346:	d2 53 21 16 	inc.b	&0x1621	
    534a:	f2 90 43 00 66 11 	cmp.b	#67,	&0x1166	;#0x0043
    5350:	0e 20       	jnz	$+30     	;abs 0x536e
    5352:	5e 42 71 15 	mov.b	&0x1571,r14	
    5356:	5e 92 70 15 	cmp.b	&0x1570,r14	
    535a:	0c 24       	jz	$+26     	;abs 0x5374
    535c:	5e 53       	inc.b	r14		
    535e:	c2 4e 71 15 	mov.b	r14,	&0x1571	
    5362:	7e 90 06 00 	cmp.b	#6,	r14	;#0x0006
    5366:	06 28       	jnc	$+14     	;abs 0x5374
    5368:	c2 43 71 15 	mov.b	#0,	&0x1571	;r3 As==00
    536c:	03 3c       	jmp	$+8      	;abs 0x5374
    536e:	58 e3       	xor.b	#1,	r8	;r3 As==01
    5370:	5b 43       	mov.b	#1,	r11	;r3 As==01
    5372:	02 3c       	jmp	$+6      	;abs 0x5378
    5374:	4b 43       	clr.b	r11		
    5376:	48 43       	clr.b	r8		
    5378:	b0 12 78 45 	call	#0x4578	
    537c:	03 3c       	jmp	$+8      	;abs 0x5384
    537e:	4b 93       	tst.b	r11		
    5380:	5f 20       	jnz	$+192    	;abs 0x5440
    5382:	48 43       	clr.b	r8		
    5384:	b0 12 66 45 	call	#0x4566	
    5388:	5a 42 44 11 	mov.b	&0x1144,r10	
    538c:	b0 12 78 45 	call	#0x4578	
    5390:	4a 93       	tst.b	r10		
    5392:	08 24       	jz	$+18     	;abs 0x53a4
    5394:	b0 12 66 45 	call	#0x4566	
    5398:	f2 40 0a 00 0c 16 	mov.b	#10,	&0x160c	;#0x000a
    539e:	b0 12 78 45 	call	#0x4578	
    53a2:	41 3c       	jmp	$+132    	;abs 0x5426
    53a4:	b0 12 66 45 	call	#0x4566	
    53a8:	57 42 6c 11 	mov.b	&0x116c,r7	
    53ac:	5a 42 6e 11 	mov.b	&0x116e,r10	
    53b0:	b0 12 78 45 	call	#0x4578	
    53b4:	b0 12 66 45 	call	#0x4566	
    53b8:	59 42 70 15 	mov.b	&0x1570,r9	
    53bc:	56 42 71 15 	mov.b	&0x1571,r6	
    53c0:	b0 12 78 45 	call	#0x4578	
    53c4:	49 96       	cmp.b	r6,	r9	
    53c6:	20 24       	jz	$+66     	;abs 0x5408
    53c8:	47 93       	tst.b	r7		
    53ca:	1e 20       	jnz	$+62     	;abs 0x5408
    53cc:	b0 12 66 45 	call	#0x4566	
    53d0:	4a 4f       	mov.b	r15,	r10	
    53d2:	e2 43 6c 11 	mov.b	#2,	&0x116c	;r3 As==10
    53d6:	b0 12 66 45 	call	#0x4566	
    53da:	56 42 70 15 	mov.b	&0x1570,r6	
    53de:	57 42 71 15 	mov.b	&0x1571,r7	
    53e2:	b0 12 78 45 	call	#0x4578	
    53e6:	46 97       	cmp.b	r7,	r6	
    53e8:	05 24       	jz	$+12     	;abs 0x53f4
    53ea:	5e 42 71 15 	mov.b	&0x1571,r14	
    53ee:	5e 4e 72 15 	mov.b	5490(r14),r14	;0x1572(r14)
    53f2:	01 3c       	jmp	$+4      	;abs 0x53f6
    53f4:	4e 43       	clr.b	r14		
    53f6:	c2 4e 6d 11 	mov.b	r14,	&0x116d	
    53fa:	f2 40 43 00 66 11 	mov.b	#67,	&0x1166	;#0x0043
    5400:	c2 43 80 15 	mov.b	#0,	&0x1580	;r3 As==00
    5404:	4f 4a       	mov.b	r10,	r15	
    5406:	0b 3c       	jmp	$+24     	;abs 0x541e
    5408:	4f 4a       	mov.b	r10,	r15	
    540a:	7f 53       	add.b	#-1,	r15	;r3 As==11
    540c:	6f 93       	cmp.b	#2,	r15	;r3 As==10
    540e:	0b 2c       	jc	$+24     	;abs 0x5426
    5410:	b0 12 66 45 	call	#0x4566	
    5414:	f2 40 45 00 66 11 	mov.b	#69,	&0x1166	;#0x0045
    541a:	d2 43 80 15 	mov.b	#1,	&0x1580	;r3 As==01
    541e:	b0 12 78 45 	call	#0x4578	
    5422:	5a 43       	mov.b	#1,	r10	;r3 As==01
    5424:	01 3c       	jmp	$+4      	;abs 0x5428
    5426:	4a 43       	clr.b	r10		
    5428:	4b 93       	tst.b	r11		
    542a:	0b 24       	jz	$+24     	;abs 0x5442
    542c:	b0 12 66 45 	call	#0x4566	
    5430:	c2 48 36 11 	mov.b	r8,	&0x1136	
    5434:	b0 12 78 45 	call	#0x4578	
    5438:	7f 42       	mov.b	#8,	r15	;r2 As==11
    543a:	b0 12 80 45 	call	#0x4580	
    543e:	01 3c       	jmp	$+4      	;abs 0x5442
    5440:	4a 43       	clr.b	r10		
    5442:	b0 12 66 45 	call	#0x4566	
    5446:	4b 4f       	mov.b	r15,	r11	
    5448:	f2 90 0a 00 0c 16 	cmp.b	#10,	&0x160c	;#0x000a
    544e:	07 20       	jnz	$+16     	;abs 0x545e
    5450:	b0 12 4a 46 	call	#0x464a	
    5454:	4f 4b       	mov.b	r11,	r15	
    5456:	b0 12 78 45 	call	#0x4578	
    545a:	30 40 70 56 	br	#0x5670	
    545e:	b0 12 78 45 	call	#0x4578	
    5462:	4a 93       	tst.b	r10		
    5464:	02 20       	jnz	$+6      	;abs 0x546a
    5466:	30 40 70 56 	br	#0x5670	
    546a:	b0 12 66 45 	call	#0x4566	
    546e:	82 43 5c 16 	mov	#0,	&0x165c	;r3 As==00
    5472:	c2 43 60 11 	mov.b	#0,	&0x1160	;r3 As==00
    5476:	d2 43 0c 16 	mov.b	#1,	&0x160c	;r3 As==01
    547a:	b0 12 78 45 	call	#0x4578	
    547e:	b0 12 14 4b 	call	#0x4b14	
    5482:	4f 93       	tst.b	r15		
    5484:	02 20       	jnz	$+6      	;abs 0x548a
    5486:	30 40 70 56 	br	#0x5670	
    548a:	b0 12 66 45 	call	#0x4566	
    548e:	f2 40 09 00 0c 16 	mov.b	#9,	&0x160c	;#0x0009
    5494:	b0 12 78 45 	call	#0x4578	
    5498:	b0 12 6c 46 	call	#0x466c	
    549c:	30 40 70 56 	br	#0x5670	
    54a0:	b0 12 66 45 	call	#0x4566	
    54a4:	c2 93 26 11 	tst.b	&0x1126	
    54a8:	2b 20       	jnz	$+88     	;abs 0x5500
    54aa:	e2 43 26 11 	mov.b	#2,	&0x1126	;r3 As==10
    54ae:	c2 43 12 16 	mov.b	#0,	&0x1612	;r3 As==00
    54b2:	b0 12 78 45 	call	#0x4578	
    54b6:	b0 12 66 45 	call	#0x4566	
    54ba:	4b 4f       	mov.b	r15,	r11	
    54bc:	d2 93 08 11 	cmp.b	#1,	&0x1108	;r3 As==01
    54c0:	12 20       	jnz	$+38     	;abs 0x54e6
    54c2:	5e 42 26 11 	mov.b	&0x1126,r14	
    54c6:	5e 93       	cmp.b	#1,	r14	;r3 As==01
    54c8:	05 20       	jnz	$+12     	;abs 0x54d4
    54ca:	7f 40 0a 00 	mov.b	#10,	r15	;#0x000a
    54ce:	b0 12 80 45 	call	#0x4580	
    54d2:	09 3c       	jmp	$+20     	;abs 0x54e6
    54d4:	6e 93       	cmp.b	#2,	r14	;r3 As==10
    54d6:	07 20       	jnz	$+16     	;abs 0x54e6
    54d8:	d2 42 12 16 08 11 	mov.b	&0x1612,&0x1108	
    54de:	f2 40 03 00 26 11 	mov.b	#3,	&0x1126	;#0x0003
    54e4:	01 3c       	jmp	$+4      	;abs 0x54e8
    54e6:	4f 4b       	mov.b	r11,	r15	
    54e8:	b0 12 78 45 	call	#0x4578	
    54ec:	c2 93 08 11 	tst.b	&0x1108	
    54f0:	03 20       	jnz	$+8      	;abs 0x54f8
    54f2:	b0 12 f2 4e 	call	#0x4ef2	
    54f6:	06 3c       	jmp	$+14     	;abs 0x5504
    54f8:	b0 12 66 45 	call	#0x4566	
    54fc:	c2 43 26 11 	mov.b	#0,	&0x1126	;r3 As==00
    5500:	b0 12 78 45 	call	#0x4578	
    5504:	b0 12 66 45 	call	#0x4566	
    5508:	c2 43 0c 16 	mov.b	#0,	&0x160c	;r3 As==00
    550c:	c2 43 5c 11 	mov.b	#0,	&0x115c	;r3 As==00
    5510:	a2 3f       	jmp	$-186    	;abs 0x5456
    5512:	7f 40 07 00 	mov.b	#7,	r15	;#0x0007
    5516:	aa 3c       	jmp	$+342    	;abs 0x566c
    5518:	b0 12 92 4a 	call	#0x4a92	
    551c:	4f 93       	tst.b	r15		
    551e:	a8 24       	jz	$+338    	;abs 0x5670
    5520:	82 93 5a 11 	tst	&0x115a	
    5524:	a5 20       	jnz	$+332    	;abs 0x5670
    5526:	82 93 24 16 	tst	&0x1624	
    552a:	a2 20       	jnz	$+326    	;abs 0x5670
    552c:	b0 12 66 45 	call	#0x4566	
    5530:	4b 4f       	mov.b	r15,	r11	
    5532:	f2 90 03 00 26 11 	cmp.b	#3,	&0x1126	;#0x0003
    5538:	8d 23       	jnz	$-228    	;abs 0x5454
    553a:	c2 93 08 11 	tst.b	&0x1108	
    553e:	8a 23       	jnz	$-234    	;abs 0x5454
    5540:	5d 42 0a 11 	mov.b	&0x110a,r13	
    5544:	7d 93       	cmp.b	#-1,	r13	;r3 As==11
    5546:	1b 24       	jz	$+56     	;abs 0x557e
    5548:	4e 4d       	mov.b	r13,	r14	
    554a:	5f 4e 58 11 	mov.b	4440(r14),r15	;0x1158(r14)
    554e:	c2 4f 0a 11 	mov.b	r15,	&0x110a	
    5552:	7f 93       	cmp.b	#-1,	r15	;r3 As==11
    5554:	02 20       	jnz	$+6      	;abs 0x555a
    5556:	f2 43 09 11 	mov.b	#-1,	&0x1109	;r3 As==11
    555a:	fe 43 58 11 	mov.b	#-1,	4440(r14);r3 As==11, 0x1158(r14)
    555e:	c2 4d 12 16 	mov.b	r13,	&0x1612	
    5562:	f2 43 08 11 	mov.b	#-1,	&0x1108	;r3 As==11
    5566:	d2 43 26 11 	mov.b	#1,	&0x1126	;r3 As==01
    556a:	7f 40 0a 00 	mov.b	#10,	r15	;#0x000a
    556e:	b0 12 80 45 	call	#0x4580	
    5572:	d2 43 78 00 	mov.b	#1,	&0x0078	;r3 As==01
    5576:	f2 f0 cf ff 01 00 	and.b	#-49,	&0x0001	;#0xffcf
    557c:	0d 3c       	jmp	$+28     	;abs 0x5598
    557e:	d2 43 08 11 	mov.b	#1,	&0x1108	;r3 As==01
    5582:	c2 43 26 11 	mov.b	#0,	&0x1126	;r3 As==00
    5586:	d2 43 78 00 	mov.b	#1,	&0x0078	;r3 As==01
    558a:	f2 f0 cf ff 01 00 	and.b	#-49,	&0x0001	;#0xffcf
    5590:	b0 12 b0 44 	call	#0x44b0	
    5594:	b0 12 92 44 	call	#0x4492	
    5598:	b0 12 b0 44 	call	#0x44b0	
    559c:	5b 3f       	jmp	$-328    	;abs 0x5454
    559e:	82 43 3c 11 	mov	#0,	&0x113c	;r3 As==00
    55a2:	b0 12 66 45 	call	#0x4566	
    55a6:	5b 42 36 11 	mov.b	&0x1136,r11	
    55aa:	b0 12 78 45 	call	#0x4578	
    55ae:	c2 93 34 11 	tst.b	&0x1134	
    55b2:	02 24       	jz	$+6      	;abs 0x55b8
    55b4:	7b 40 03 00 	mov.b	#3,	r11	;#0x0003
    55b8:	1f 42 3e 11 	mov	&0x113e,r15	
    55bc:	c2 93 32 11 	tst.b	&0x1132	
    55c0:	57 20       	jnz	$+176    	;abs 0x5670
    55c2:	c2 93 13 11 	tst.b	&0x1113	
    55c6:	54 20       	jnz	$+170    	;abs 0x5670
    55c8:	82 9f 78 15 	cmp	r15,	&0x1578	
    55cc:	51 20       	jnz	$+164    	;abs 0x5670
    55ce:	82 43 78 15 	mov	#0,	&0x1578	;r3 As==00
    55d2:	b0 12 76 49 	call	#0x4976	
    55d6:	4e 4b       	mov.b	r11,	r14	
    55d8:	4f 43       	clr.b	r15		
    55da:	b0 12 6e 4a 	call	#0x4a6e	
    55de:	48 3c       	jmp	$+146    	;abs 0x5670
    55e0:	b0 12 66 45 	call	#0x4566	
    55e4:	1a 42 2c 11 	mov	&0x112c,r10	
    55e8:	5b 42 49 11 	mov.b	&0x1149,r11	
    55ec:	b0 12 78 45 	call	#0x4578	
    55f0:	b0 12 66 45 	call	#0x4566	
    55f4:	4e 4b       	mov.b	r11,	r14	
    55f6:	0e 5e       	rla	r14		
    55f8:	8e 4a 0e 11 	mov	r10,	4366(r14);0x110e(r14)
    55fc:	5e 42 42 11 	mov.b	&0x1142,r14	
    5600:	4b 93       	tst.b	r11		
    5602:	03 24       	jz	$+8      	;abs 0x560a
    5604:	7e f0 fb ff 	and.b	#-5,	r14	;#0xfffb
    5608:	02 3c       	jmp	$+6      	;abs 0x560e
    560a:	7e f0 fd ff 	and.b	#-3,	r14	;#0xfffd
    560e:	c2 4e 42 11 	mov.b	r14,	&0x1142	
    5612:	c2 43 30 11 	mov.b	#0,	&0x1130	;r3 As==00
    5616:	30 40 56 54 	br	#0x5456	
    561a:	b0 12 66 45 	call	#0x4566	
    561e:	d2 42 12 16 08 11 	mov.b	&0x1612,&0x1108	
    5624:	f2 40 03 00 26 11 	mov.b	#3,	&0x1126	;#0x0003
    562a:	b0 12 78 45 	call	#0x4578	
    562e:	c2 93 08 11 	tst.b	&0x1108	
    5632:	1e 20       	jnz	$+62     	;abs 0x5670
    5634:	b0 12 f2 4e 	call	#0x4ef2	
    5638:	1b 3c       	jmp	$+56     	;abs 0x5670
    563a:	f2 43 2c 16 	mov.b	#-1,	&0x162c	;r3 As==11
    563e:	f2 43 2b 16 	mov.b	#-1,	&0x162b	;r3 As==11
    5642:	f2 40 64 00 31 16 	mov.b	#100,	&0x1631	;#0x0064
    5648:	82 93 78 15 	tst	&0x1578	
    564c:	0d 20       	jnz	$+28     	;abs 0x5668
    564e:	b2 40 26 16 78 15 	mov	#5670,	&0x1578	;#0x1626
    5654:	f2 40 1c 00 2f 16 	mov.b	#28,	&0x162f	;#0x001c
    565a:	c2 93 13 11 	tst.b	&0x1113	
    565e:	08 24       	jz	$+18     	;abs 0x5670
    5660:	b0 12 ba 49 	call	#0x49ba	
    5664:	4f 93       	tst.b	r15		
    5666:	04 24       	jz	$+10     	;abs 0x5670
    5668:	7f 40 0b 00 	mov.b	#11,	r15	;#0x000b
    566c:	b0 12 80 45 	call	#0x4580	
    5670:	21 53       	incd	r1		
    5672:	36 41       	pop	r6		
    5674:	37 41       	pop	r7		
    5676:	38 41       	pop	r8		
    5678:	39 41       	pop	r9		
    567a:	3a 41       	pop	r10		
    567c:	3b 41       	pop	r11		
    567e:	30 41       	ret			

00005680 <RealMainP__Scheduler__runNextTask>:
    5680:	f2 93 20 16 	cmp.b	#-1,	&0x1620	;r3 As==11
    5684:	08 24       	jz	$+18     	;abs 0x5696
    5686:	b0 12 0c 45 	call	#0x450c	
    568a:	7f 93       	cmp.b	#-1,	r15	;r3 As==11
    568c:	06 24       	jz	$+14     	;abs 0x569a
    568e:	b0 12 8c 51 	call	#0x518c	
    5692:	5f 43       	mov.b	#1,	r15	;r3 As==01
    5694:	30 41       	ret			
    5696:	4f 43       	clr.b	r15		
    5698:	30 41       	ret			
    569a:	4f 43       	clr.b	r15		
    569c:	30 41       	ret			

0000569e <sig_UART1RX_VECTOR>:
    569e:	0f 12       	push	r15		
    56a0:	0e 12       	push	r14		
    56a2:	0d 12       	push	r13		
    56a4:	0c 12       	push	r12		
    56a6:	5e 42 7e 00 	mov.b	&0x007e,r14	
    56aa:	5f 42 26 11 	mov.b	&0x1126,r15	
    56ae:	4f 93       	tst.b	r15		
    56b0:	31 24       	jz	$+100    	;abs 0x5714
    56b2:	2d 3c       	jmp	$+92     	;abs 0x570e
    56b4:	c2 93 08 11 	tst.b	&0x1108	
    56b8:	2d 20       	jnz	$+92     	;abs 0x5714
    56ba:	1d 42 5a 11 	mov	&0x115a,r13	
    56be:	0d 93       	tst	r13		
    56c0:	0e 24       	jz	$+30     	;abs 0x56de
    56c2:	1f 42 0a 16 	mov	&0x160a,r15	
    56c6:	0d 5f       	add	r15,	r13	
    56c8:	cd 4e 00 00 	mov.b	r14,	0(r13)	;0x0000(r13)
    56cc:	1f 53       	inc	r15		
    56ce:	82 4f 0a 16 	mov	r15,	&0x160a	
    56d2:	1f 92 82 15 	cmp	&0x1582,r15	
    56d6:	1e 28       	jnc	$+62     	;abs 0x5714
    56d8:	82 43 5a 11 	mov	#0,	&0x115a	;r3 As==00
    56dc:	1b 3c       	jmp	$+56     	;abs 0x5714
    56de:	7e 90 7e 00 	cmp.b	#126,	r14	;#0x007e
    56e2:	03 20       	jnz	$+8      	;abs 0x56ea
    56e4:	4e 43       	clr.b	r14		
    56e6:	5f 43       	mov.b	#1,	r15	;r3 As==01
    56e8:	0f 3c       	jmp	$+32     	;abs 0x5708
    56ea:	7e 90 7d 00 	cmp.b	#125,	r14	;#0x007d
    56ee:	03 20       	jnz	$+8      	;abs 0x56f6
    56f0:	e2 d3 28 11 	bis.b	#2,	&0x1128	;r3 As==10
    56f4:	0f 3c       	jmp	$+32     	;abs 0x5714
    56f6:	e2 b3 28 11 	bit.b	#2,	&0x1128	;r3 As==10
    56fa:	05 24       	jz	$+12     	;abs 0x5706
    56fc:	f2 f0 fd ff 28 11 	and.b	#-3,	&0x1128	;#0xfffd
    5702:	7e e0 20 00 	xor.b	#32,	r14	;#0x0020
    5706:	4f 43       	clr.b	r15		
    5708:	b0 12 92 46 	call	#0x4692	
    570c:	03 3c       	jmp	$+8      	;abs 0x5714
    570e:	7f 90 03 00 	cmp.b	#3,	r15	;#0x0003
    5712:	d0 27       	jz	$-94     	;abs 0x56b4
    5714:	3c 41       	pop	r12		
    5716:	3d 41       	pop	r13		
    5718:	3e 41       	pop	r14		
    571a:	3f 41       	pop	r15		
    571c:	b1 c0 f0 00 00 00 	bic	#240,	0(r1)	;#0x00f0, 0x0000(r1)
    5722:	00 13       	reti			

00005724 <sig_UART1TX_VECTOR>:
    5724:	0f 12       	push	r15		
    5726:	0e 12       	push	r14		
    5728:	0d 12       	push	r13		
    572a:	0c 12       	push	r12		
    572c:	5f 42 26 11 	mov.b	&0x1126,r15	
    5730:	4f 93       	tst.b	r15		
    5732:	1e 24       	jz	$+62     	;abs 0x5770
    5734:	1a 3c       	jmp	$+54     	;abs 0x576a
    5736:	c2 93 08 11 	tst.b	&0x1108	
    573a:	1a 20       	jnz	$+54     	;abs 0x5770
    573c:	c2 93 48 11 	tst.b	&0x1148	
    5740:	0f 20       	jnz	$+32     	;abs 0x5760
    5742:	1f 42 5e 11 	mov	&0x115e,r15	
    5746:	1f 92 10 16 	cmp	&0x1610,r15	
    574a:	0a 2c       	jc	$+22     	;abs 0x5760
    574c:	1e 42 24 16 	mov	&0x1624,r14	
    5750:	0e 5f       	add	r15,	r14	
    5752:	6e 4e       	mov.b	@r14,	r14	
    5754:	1f 53       	inc	r15		
    5756:	82 4f 5e 11 	mov	r15,	&0x115e	
    575a:	c2 4e 7f 00 	mov.b	r14,	&0x007f	
    575e:	08 3c       	jmp	$+18     	;abs 0x5770
    5760:	82 43 24 16 	mov	#0,	&0x1624	;r3 As==00
    5764:	b0 12 2e 4b 	call	#0x4b2e	
    5768:	03 3c       	jmp	$+8      	;abs 0x5770
    576a:	7f 90 03 00 	cmp.b	#3,	r15	;#0x0003
    576e:	e3 27       	jz	$-56     	;abs 0x5736
    5770:	3c 41       	pop	r12		
    5772:	3d 41       	pop	r13		
    5774:	3e 41       	pop	r14		
    5776:	3f 41       	pop	r15		
    5778:	b1 c0 f0 00 00 00 	bic	#240,	0(r1)	;#0x00f0, 0x0000(r1)
    577e:	00 13       	reti			

00005780 <putchar>:
    5780:	0b 12       	push	r11		
    5782:	0b 4f       	mov	r15,	r11	
    5784:	c2 93 1e 11 	tst.b	&0x111e	
    5788:	08 20       	jnz	$+18     	;abs 0x579a
    578a:	b2 90 00 02 20 11 	cmp	#512,	&0x1120	;#0x0200
    5790:	04 28       	jnc	$+10     	;abs 0x579a
    5792:	d2 43 1e 11 	mov.b	#1,	&0x111e	;r3 As==01
    5796:	b0 12 e8 49 	call	#0x49e8	
    579a:	b0 12 66 45 	call	#0x4566	
    579e:	1e 42 20 11 	mov	&0x1120,r14	
    57a2:	3e 90 00 04 	cmp	#1024,	r14	;#0x0400
    57a6:	10 2c       	jc	$+34     	;abs 0x57c8
    57a8:	1d 42 22 11 	mov	&0x1122,r13	
    57ac:	cd 4b 70 11 	mov.b	r11,	4464(r13);0x1170(r13)
    57b0:	1d 53       	inc	r13		
    57b2:	3d f0 ff 03 	and	#1023,	r13	;#0x03ff
    57b6:	82 4d 22 11 	mov	r13,	&0x1122	
    57ba:	1e 53       	inc	r14		
    57bc:	82 4e 20 11 	mov	r14,	&0x1120	
    57c0:	b0 12 78 45 	call	#0x4578	
    57c4:	0f 43       	clr	r15		
    57c6:	03 3c       	jmp	$+8      	;abs 0x57ce
    57c8:	b0 12 78 45 	call	#0x4578	
    57cc:	3f 43       	mov	#-1,	r15	;r3 As==11
    57ce:	3b 41       	pop	r11		
    57d0:	30 41       	ret			

000057d2 <memset>:
    57d2:	0b 12       	push	r11		
    57d4:	0a 12       	push	r10		
    57d6:	09 12       	push	r9		
    57d8:	08 12       	push	r8		
    57da:	3d 90 06 00 	cmp	#6,	r13	;#0x0006
    57de:	09 2c       	jc	$+20     	;abs 0x57f2
    57e0:	0c 4f       	mov	r15,	r12	
    57e2:	04 3c       	jmp	$+10     	;abs 0x57ec
    57e4:	cc 4e 00 00 	mov.b	r14,	0(r12)	;0x0000(r12)
    57e8:	1c 53       	inc	r12		
    57ea:	3d 53       	add	#-1,	r13	;r3 As==11
    57ec:	0d 93       	tst	r13		
    57ee:	fa 23       	jnz	$-10     	;abs 0x57e4
    57f0:	20 3c       	jmp	$+66     	;abs 0x5832
    57f2:	4e 4e       	mov.b	r14,	r14	
    57f4:	4b 4e       	mov.b	r14,	r11	
    57f6:	0b 93       	tst	r11		
    57f8:	03 24       	jz	$+8      	;abs 0x5800
    57fa:	0c 4b       	mov	r11,	r12	
    57fc:	8c 10       	swpb	r12		
    57fe:	0b dc       	bis	r12,	r11	
    5800:	1f b3       	bit	#1,	r15	;r3 As==01
    5802:	06 24       	jz	$+14     	;abs 0x5810
    5804:	3d 53       	add	#-1,	r13	;r3 As==11
    5806:	cf 4e 00 00 	mov.b	r14,	0(r15)	;0x0000(r15)
    580a:	09 4f       	mov	r15,	r9	
    580c:	19 53       	inc	r9		
    580e:	01 3c       	jmp	$+4      	;abs 0x5812
    5810:	09 4f       	mov	r15,	r9	
    5812:	0c 4d       	mov	r13,	r12	
    5814:	12 c3       	clrc			
    5816:	0c 10       	rrc	r12		
    5818:	0a 49       	mov	r9,	r10	
    581a:	08 4c       	mov	r12,	r8	
    581c:	8a 4b 00 00 	mov	r11,	0(r10)	;0x0000(r10)
    5820:	2a 53       	incd	r10		
    5822:	38 53       	add	#-1,	r8	;r3 As==11
    5824:	fb 23       	jnz	$-8      	;abs 0x581c
    5826:	0c 5c       	rla	r12		
    5828:	0c 59       	add	r9,	r12	
    582a:	1d f3       	and	#1,	r13	;r3 As==01
    582c:	02 24       	jz	$+6      	;abs 0x5832
    582e:	cc 4e 00 00 	mov.b	r14,	0(r12)	;0x0000(r12)
    5832:	38 41       	pop	r8		
    5834:	39 41       	pop	r9		
    5836:	3a 41       	pop	r10		
    5838:	3b 41       	pop	r11		
    583a:	30 41       	ret			

0000583c <puts>:
    583c:	0b 12       	push	r11		
    583e:	0b 4f       	mov	r15,	r11	
    5840:	6f 4b       	mov.b	@r11,	r15	
    5842:	4f 93       	tst.b	r15		
    5844:	06 24       	jz	$+14     	;abs 0x5852
    5846:	1b 53       	inc	r11		
    5848:	8f 11       	sxt	r15		
    584a:	b0 12 80 57 	call	#0x5780	
    584e:	0f 93       	tst	r15		
    5850:	f7 37       	jge	$-16     	;abs 0x5840
    5852:	cb 93 00 00 	tst.b	0(r11)		;0x0000(r11)
    5856:	05 20       	jnz	$+12     	;abs 0x5862
    5858:	3f 40 0a 00 	mov	#10,	r15	;#0x000a
    585c:	b0 12 80 57 	call	#0x5780	
    5860:	01 3c       	jmp	$+4      	;abs 0x5864
    5862:	3f 43       	mov	#-1,	r15	;r3 As==11
    5864:	3b 41       	pop	r11		
    5866:	30 41       	ret			

00005868 <_unexpected_>:
    5868:	00 13       	reti			

Disassembly of section .vectors:

0000ffe0 <__ivtbl_16>:
    ffe0:	4c 44 4c 44 24 57 9e 56 4c 44 f8 4f da 4f 4c 44     LDLD$W.VLD.O.OLD
    fff0:	4c 44 4c 44 4c 44 4c 44 3c 50 1e 50 4c 44 00 40     LDLDLDLD<P.PLD.@
